This is pdfTeX, Version 3.14159265-2.6-1.40.21 (TeX Live 2020/NixOS.org) (preloaded format=pdflatex 2020.10.27)  27 OCT 2020 21:04
entering extended mode
 \write18 enabled.
 %&-line parsing enabled.
**claspoct282020.tex
(.//claspoct282020.tex
LaTeX2e <2020-10-01>
L3 programming layer <2020-10-05> xparse <2020-03-03>
(/nix/store/lkw026p06wvnk4p087nfn0ahbxvcpclf-texlive-combined-2020/share/texmf/
tex/latex/beamer/beamer.cls
Document Class: beamer 2020/07/22 v3.59 A class for typesetting presentations

(/nix/store/lkw026p06wvnk4p087nfn0ahbxvcpclf-texlive-combined-2020/share/texmf/
tex/latex/beamer/beamerbasemodes.sty
(/nix/store/lkw026p06wvnk4p087nfn0ahbxvcpclf-texlive-combined-2020/share/texmf/
tex/latex/etoolbox/etoolbox.sty
Package: etoolbox 2020/10/05 v2.5k e-TeX tools for LaTeX (JAW)
\etb@tempcnta=\count175
)
\beamer@tempbox=\box47
\beamer@tempcount=\count176
\c@beamerpauses=\count177

(/nix/store/lkw026p06wvnk4p087nfn0ahbxvcpclf-texlive-combined-2020/share/texmf/
tex/latex/beamer/beamerbasedecode.sty
\beamer@slideinframe=\count178
\beamer@minimum=\count179
\beamer@decode@box=\box48
)
\beamer@commentbox=\box49
\beamer@modecount=\count180
)
(/nix/store/lkw026p06wvnk4p087nfn0ahbxvcpclf-texlive-combined-2020/share/texmf/
tex/generic/iftex/ifpdf.sty
Package: ifpdf 2019/10/25 v3.4 ifpdf legacy package. Use iftex instead.

(/nix/store/lkw026p06wvnk4p087nfn0ahbxvcpclf-texlive-combined-2020/share/texmf/
tex/generic/iftex/iftex.sty
Package: iftex 2020/03/06 v1.0d TeX engine tests
))
\headdp=\dimen138
\footheight=\dimen139
\sidebarheight=\dimen140
\beamer@tempdim=\dimen141
\beamer@finalheight=\dimen142
\beamer@animht=\dimen143
\beamer@animdp=\dimen144
\beamer@animwd=\dimen145
\beamer@leftmargin=\dimen146
\beamer@rightmargin=\dimen147
\beamer@leftsidebar=\dimen148
\beamer@rightsidebar=\dimen149
\beamer@boxsize=\dimen150
\beamer@vboxoffset=\dimen151
\beamer@descdefault=\dimen152
\beamer@descriptionwidth=\dimen153
\beamer@lastskip=\skip47
\beamer@areabox=\box50
\beamer@animcurrent=\box51
\beamer@animshowbox=\box52
\beamer@sectionbox=\box53
\beamer@logobox=\box54
\beamer@linebox=\box55
\beamer@sectioncount=\count181
\beamer@subsubsectionmax=\count182
\beamer@subsectionmax=\count183
\beamer@sectionmax=\count184
\beamer@totalheads=\count185
\beamer@headcounter=\count186
\beamer@partstartpage=\count187
\beamer@sectionstartpage=\count188
\beamer@subsectionstartpage=\count189
\beamer@animationtempa=\count190
\beamer@animationtempb=\count191
\beamer@xpos=\count192
\beamer@ypos=\count193
\beamer@ypos@offset=\count194
\beamer@showpartnumber=\count195
\beamer@currentsubsection=\count196
\beamer@coveringdepth=\count197
\beamer@sectionadjust=\count198
\beamer@tocsectionnumber=\count199

(/nix/store/lkw026p06wvnk4p087nfn0ahbxvcpclf-texlive-combined-2020/share/texmf/
tex/latex/beamer/beamerbaseoptions.sty
(/nix/store/lkw026p06wvnk4p087nfn0ahbxvcpclf-texlive-combined-2020/share/texmf/
tex/latex/graphics/keyval.sty
Package: keyval 2014/10/28 v1.15 key=value parser (DPC)
\KV@toks@=\toks15
))
\beamer@paperwidth=\skip48
\beamer@paperheight=\skip49

(/nix/store/lkw026p06wvnk4p087nfn0ahbxvcpclf-texlive-combined-2020/share/texmf/
tex/latex/geometry/geometry.sty
Package: geometry 2020/01/02 v5.9 Page Geometry

(/nix/store/lkw026p06wvnk4p087nfn0ahbxvcpclf-texlive-combined-2020/share/texmf/
tex/generic/iftex/ifvtex.sty
Package: ifvtex 2019/10/25 v1.7 ifvtex legacy package. Use iftex instead.
)
\Gm@cnth=\count266
\Gm@cntv=\count267
\c@Gm@tempcnt=\count268
\Gm@bindingoffset=\dimen154
\Gm@wd@mp=\dimen155
\Gm@odd@mp=\dimen156
\Gm@even@mp=\dimen157
\Gm@layoutwidth=\dimen158
\Gm@layoutheight=\dimen159
\Gm@layouthoffset=\dimen160
\Gm@layoutvoffset=\dimen161
\Gm@dimlist=\toks16
)
(/nix/store/lkw026p06wvnk4p087nfn0ahbxvcpclf-texlive-combined-2020/share/texmf/
tex/latex/base/size11.clo
File: size11.clo 2020/04/10 v1.4m Standard LaTeX file (size option)
)
(/nix/store/lkw026p06wvnk4p087nfn0ahbxvcpclf-texlive-combined-2020/share/texmf/
tex/latex/pgf/basiclayer/pgfcore.sty
(/nix/store/lkw026p06wvnk4p087nfn0ahbxvcpclf-texlive-combined-2020/share/texmf/
tex/latex/graphics/graphicx.sty
Package: graphicx 2020/09/09 v1.2b Enhanced LaTeX Graphics (DPC,SPQR)

(/nix/store/lkw026p06wvnk4p087nfn0ahbxvcpclf-texlive-combined-2020/share/texmf/
tex/latex/graphics/graphics.sty
Package: graphics 2020/08/30 v1.4c Standard LaTeX Graphics (DPC,SPQR)

(/nix/store/lkw026p06wvnk4p087nfn0ahbxvcpclf-texlive-combined-2020/share/texmf/
tex/latex/graphics/trig.sty
Package: trig 2016/01/03 v1.10 sin cos tan (DPC)
)
(/nix/store/lkw026p06wvnk4p087nfn0ahbxvcpclf-texlive-combined-2020/share/texmf/
tex/latex/graphics-cfg/graphics.cfg
File: graphics.cfg 2016/06/04 v1.11 sample graphics configuration
)
Package graphics Info: Driver file: pdftex.def on input line 105.

(/nix/store/lkw026p06wvnk4p087nfn0ahbxvcpclf-texlive-combined-2020/share/texmf/
tex/latex/graphics-def/pdftex.def
File: pdftex.def 2020/10/05 v1.2a Graphics/color driver for pdftex
))
\Gin@req@height=\dimen162
\Gin@req@width=\dimen163
)
(/nix/store/lkw026p06wvnk4p087nfn0ahbxvcpclf-texlive-combined-2020/share/texmf/
tex/latex/pgf/systemlayer/pgfsys.sty
(/nix/store/lkw026p06wvnk4p087nfn0ahbxvcpclf-texlive-combined-2020/share/texmf/
tex/latex/pgf/utilities/pgfrcs.sty
(/nix/store/lkw026p06wvnk4p087nfn0ahbxvcpclf-texlive-combined-2020/share/texmf/
tex/generic/pgf/utilities/pgfutil-common.tex
\pgfutil@everybye=\toks17
\pgfutil@tempdima=\dimen164
\pgfutil@tempdimb=\dimen165

(/nix/store/lkw026p06wvnk4p087nfn0ahbxvcpclf-texlive-combined-2020/share/texmf/
tex/generic/pgf/utilities/pgfutil-common-lists.tex))
(/nix/store/lkw026p06wvnk4p087nfn0ahbxvcpclf-texlive-combined-2020/share/texmf/
tex/generic/pgf/utilities/pgfutil-latex.def
\pgfutil@abb=\box56
)
(/nix/store/lkw026p06wvnk4p087nfn0ahbxvcpclf-texlive-combined-2020/share/texmf/
tex/generic/pgf/utilities/pgfrcs.code.tex
(/nix/store/lkw026p06wvnk4p087nfn0ahbxvcpclf-texlive-combined-2020/share/texmf/
tex/generic/pgf/pgf.revision.tex)
Package: pgfrcs 2020/10/01 v3.1.6a (3.1.6a)
))
(/nix/store/lkw026p06wvnk4p087nfn0ahbxvcpclf-texlive-combined-2020/share/texmf/
tex/generic/pgf/systemlayer/pgfsys.code.tex
Package: pgfsys 2020/10/01 v3.1.6a (3.1.6a)

(/nix/store/lkw026p06wvnk4p087nfn0ahbxvcpclf-texlive-combined-2020/share/texmf/
tex/generic/pgf/utilities/pgfkeys.code.tex
\pgfkeys@pathtoks=\toks18
\pgfkeys@temptoks=\toks19

(/nix/store/lkw026p06wvnk4p087nfn0ahbxvcpclf-texlive-combined-2020/share/texmf/
tex/generic/pgf/utilities/pgfkeysfiltered.code.tex
\pgfkeys@tmptoks=\toks20
))
\pgf@x=\dimen166
\pgf@y=\dimen167
\pgf@xa=\dimen168
\pgf@ya=\dimen169
\pgf@xb=\dimen170
\pgf@yb=\dimen171
\pgf@xc=\dimen172
\pgf@yc=\dimen173
\pgf@xd=\dimen174
\pgf@yd=\dimen175
\w@pgf@writea=\write3
\r@pgf@reada=\read2
\c@pgf@counta=\count269
\c@pgf@countb=\count270
\c@pgf@countc=\count271
\c@pgf@countd=\count272
\t@pgf@toka=\toks21
\t@pgf@tokb=\toks22
\t@pgf@tokc=\toks23
\pgf@sys@id@count=\count273

(/nix/store/lkw026p06wvnk4p087nfn0ahbxvcpclf-texlive-combined-2020/share/texmf/
tex/generic/pgf/systemlayer/pgf.cfg
File: pgf.cfg 2020/10/01 v3.1.6a (3.1.6a)
)
Driver file for pgf: pgfsys-pdftex.def

(/nix/store/lkw026p06wvnk4p087nfn0ahbxvcpclf-texlive-combined-2020/share/texmf/
tex/generic/pgf/systemlayer/pgfsys-pdftex.def
File: pgfsys-pdftex.def 2020/10/01 v3.1.6a (3.1.6a)

(/nix/store/lkw026p06wvnk4p087nfn0ahbxvcpclf-texlive-combined-2020/share/texmf/
tex/generic/pgf/systemlayer/pgfsys-common-pdf.def
File: pgfsys-common-pdf.def 2020/10/01 v3.1.6a (3.1.6a)
)))
(/nix/store/lkw026p06wvnk4p087nfn0ahbxvcpclf-texlive-combined-2020/share/texmf/
tex/generic/pgf/systemlayer/pgfsyssoftpath.code.tex
File: pgfsyssoftpath.code.tex 2020/10/01 v3.1.6a (3.1.6a)
\pgfsyssoftpath@smallbuffer@items=\count274
\pgfsyssoftpath@bigbuffer@items=\count275
)
(/nix/store/lkw026p06wvnk4p087nfn0ahbxvcpclf-texlive-combined-2020/share/texmf/
tex/generic/pgf/systemlayer/pgfsysprotocol.code.tex
File: pgfsysprotocol.code.tex 2020/10/01 v3.1.6a (3.1.6a)
))
(/nix/store/lkw026p06wvnk4p087nfn0ahbxvcpclf-texlive-combined-2020/share/texmf/
tex/latex/xcolor/xcolor.sty
Package: xcolor 2016/05/11 v2.12 LaTeX color extensions (UK)

(/nix/store/lkw026p06wvnk4p087nfn0ahbxvcpclf-texlive-combined-2020/share/texmf/
tex/latex/graphics-cfg/color.cfg
File: color.cfg 2016/01/02 v1.6 sample color configuration
)
Package xcolor Info: Driver file: pdftex.def on input line 225.
Package xcolor Info: Model `cmy' substituted by `cmy0' on input line 1348.
Package xcolor Info: Model `hsb' substituted by `rgb' on input line 1352.
Package xcolor Info: Model `RGB' extended on input line 1364.
Package xcolor Info: Model `HTML' substituted by `rgb' on input line 1366.
Package xcolor Info: Model `Hsb' substituted by `hsb' on input line 1367.
Package xcolor Info: Model `tHsb' substituted by `hsb' on input line 1368.
Package xcolor Info: Model `HSB' substituted by `hsb' on input line 1369.
Package xcolor Info: Model `Gray' substituted by `gray' on input line 1370.
Package xcolor Info: Model `wave' substituted by `hsb' on input line 1371.
)
(/nix/store/lkw026p06wvnk4p087nfn0ahbxvcpclf-texlive-combined-2020/share/texmf/
tex/generic/pgf/basiclayer/pgfcore.code.tex
Package: pgfcore 2020/10/01 v3.1.6a (3.1.6a)

(/nix/store/lkw026p06wvnk4p087nfn0ahbxvcpclf-texlive-combined-2020/share/texmf/
tex/generic/pgf/math/pgfmath.code.tex
(/nix/store/lkw026p06wvnk4p087nfn0ahbxvcpclf-texlive-combined-2020/share/texmf/
tex/generic/pgf/math/pgfmathcalc.code.tex
(/nix/store/lkw026p06wvnk4p087nfn0ahbxvcpclf-texlive-combined-2020/share/texmf/
tex/generic/pgf/math/pgfmathutil.code.tex)
(/nix/store/lkw026p06wvnk4p087nfn0ahbxvcpclf-texlive-combined-2020/share/texmf/
tex/generic/pgf/math/pgfmathparser.code.tex
\pgfmath@dimen=\dimen176
\pgfmath@count=\count276
\pgfmath@box=\box57
\pgfmath@toks=\toks24
\pgfmath@stack@operand=\toks25
\pgfmath@stack@operation=\toks26
)
(/nix/store/lkw026p06wvnk4p087nfn0ahbxvcpclf-texlive-combined-2020/share/texmf/
tex/generic/pgf/math/pgfmathfunctions.code.tex
(/nix/store/lkw026p06wvnk4p087nfn0ahbxvcpclf-texlive-combined-2020/share/texmf/
tex/generic/pgf/math/pgfmathfunctions.basic.code.tex)
(/nix/store/lkw026p06wvnk4p087nfn0ahbxvcpclf-texlive-combined-2020/share/texmf/
tex/generic/pgf/math/pgfmathfunctions.trigonometric.code.tex)
(/nix/store/lkw026p06wvnk4p087nfn0ahbxvcpclf-texlive-combined-2020/share/texmf/
tex/generic/pgf/math/pgfmathfunctions.random.code.tex)
(/nix/store/lkw026p06wvnk4p087nfn0ahbxvcpclf-texlive-combined-2020/share/texmf/
tex/generic/pgf/math/pgfmathfunctions.comparison.code.tex)
(/nix/store/lkw026p06wvnk4p087nfn0ahbxvcpclf-texlive-combined-2020/share/texmf/
tex/generic/pgf/math/pgfmathfunctions.base.code.tex)
(/nix/store/lkw026p06wvnk4p087nfn0ahbxvcpclf-texlive-combined-2020/share/texmf/
tex/generic/pgf/math/pgfmathfunctions.round.code.tex)
(/nix/store/lkw026p06wvnk4p087nfn0ahbxvcpclf-texlive-combined-2020/share/texmf/
tex/generic/pgf/math/pgfmathfunctions.misc.code.tex)
(/nix/store/lkw026p06wvnk4p087nfn0ahbxvcpclf-texlive-combined-2020/share/texmf/
tex/generic/pgf/math/pgfmathfunctions.integerarithmetics.code.tex)))
(/nix/store/lkw026p06wvnk4p087nfn0ahbxvcpclf-texlive-combined-2020/share/texmf/
tex/generic/pgf/math/pgfmathfloat.code.tex
\c@pgfmathroundto@lastzeros=\count277
))
(/nix/store/lkw026p06wvnk4p087nfn0ahbxvcpclf-texlive-combined-2020/share/texmf/
tex/generic/pgf/math/pgfint.code.tex)
(/nix/store/lkw026p06wvnk4p087nfn0ahbxvcpclf-texlive-combined-2020/share/texmf/
tex/generic/pgf/basiclayer/pgfcorepoints.code.tex
File: pgfcorepoints.code.tex 2020/10/01 v3.1.6a (3.1.6a)
\pgf@picminx=\dimen177
\pgf@picmaxx=\dimen178
\pgf@picminy=\dimen179
\pgf@picmaxy=\dimen180
\pgf@pathminx=\dimen181
\pgf@pathmaxx=\dimen182
\pgf@pathminy=\dimen183
\pgf@pathmaxy=\dimen184
\pgf@xx=\dimen185
\pgf@xy=\dimen186
\pgf@yx=\dimen187
\pgf@yy=\dimen188
\pgf@zx=\dimen189
\pgf@zy=\dimen190
)
(/nix/store/lkw026p06wvnk4p087nfn0ahbxvcpclf-texlive-combined-2020/share/texmf/
tex/generic/pgf/basiclayer/pgfcorepathconstruct.code.tex
File: pgfcorepathconstruct.code.tex 2020/10/01 v3.1.6a (3.1.6a)
\pgf@path@lastx=\dimen191
\pgf@path@lasty=\dimen192
)
(/nix/store/lkw026p06wvnk4p087nfn0ahbxvcpclf-texlive-combined-2020/share/texmf/
tex/generic/pgf/basiclayer/pgfcorepathusage.code.tex
File: pgfcorepathusage.code.tex 2020/10/01 v3.1.6a (3.1.6a)
\pgf@shorten@end@additional=\dimen193
\pgf@shorten@start@additional=\dimen194
)
(/nix/store/lkw026p06wvnk4p087nfn0ahbxvcpclf-texlive-combined-2020/share/texmf/
tex/generic/pgf/basiclayer/pgfcorescopes.code.tex
File: pgfcorescopes.code.tex 2020/10/01 v3.1.6a (3.1.6a)
\pgfpic=\box58
\pgf@hbox=\box59
\pgf@layerbox@main=\box60
\pgf@picture@serial@count=\count278
)
(/nix/store/lkw026p06wvnk4p087nfn0ahbxvcpclf-texlive-combined-2020/share/texmf/
tex/generic/pgf/basiclayer/pgfcoregraphicstate.code.tex
File: pgfcoregraphicstate.code.tex 2020/10/01 v3.1.6a (3.1.6a)
\pgflinewidth=\dimen195
)
(/nix/store/lkw026p06wvnk4p087nfn0ahbxvcpclf-texlive-combined-2020/share/texmf/
tex/generic/pgf/basiclayer/pgfcoretransformations.code.tex
File: pgfcoretransformations.code.tex 2020/10/01 v3.1.6a (3.1.6a)
\pgf@pt@x=\dimen196
\pgf@pt@y=\dimen197
\pgf@pt@temp=\dimen198
)
(/nix/store/lkw026p06wvnk4p087nfn0ahbxvcpclf-texlive-combined-2020/share/texmf/
tex/generic/pgf/basiclayer/pgfcorequick.code.tex
File: pgfcorequick.code.tex 2020/10/01 v3.1.6a (3.1.6a)
)
(/nix/store/lkw026p06wvnk4p087nfn0ahbxvcpclf-texlive-combined-2020/share/texmf/
tex/generic/pgf/basiclayer/pgfcoreobjects.code.tex
File: pgfcoreobjects.code.tex 2020/10/01 v3.1.6a (3.1.6a)
)
(/nix/store/lkw026p06wvnk4p087nfn0ahbxvcpclf-texlive-combined-2020/share/texmf/
tex/generic/pgf/basiclayer/pgfcorepathprocessing.code.tex
File: pgfcorepathprocessing.code.tex 2020/10/01 v3.1.6a (3.1.6a)
)
(/nix/store/lkw026p06wvnk4p087nfn0ahbxvcpclf-texlive-combined-2020/share/texmf/
tex/generic/pgf/basiclayer/pgfcorearrows.code.tex
File: pgfcorearrows.code.tex 2020/10/01 v3.1.6a (3.1.6a)
\pgfarrowsep=\dimen199
)
(/nix/store/lkw026p06wvnk4p087nfn0ahbxvcpclf-texlive-combined-2020/share/texmf/
tex/generic/pgf/basiclayer/pgfcoreshade.code.tex
File: pgfcoreshade.code.tex 2020/10/01 v3.1.6a (3.1.6a)
\pgf@max=\dimen256
\pgf@sys@shading@range@num=\count279
\pgf@shadingcount=\count280
)
(/nix/store/lkw026p06wvnk4p087nfn0ahbxvcpclf-texlive-combined-2020/share/texmf/
tex/generic/pgf/basiclayer/pgfcoreimage.code.tex
File: pgfcoreimage.code.tex 2020/10/01 v3.1.6a (3.1.6a)

(/nix/store/lkw026p06wvnk4p087nfn0ahbxvcpclf-texlive-combined-2020/share/texmf/
tex/generic/pgf/basiclayer/pgfcoreexternal.code.tex
File: pgfcoreexternal.code.tex 2020/10/01 v3.1.6a (3.1.6a)
\pgfexternal@startupbox=\box61
))
(/nix/store/lkw026p06wvnk4p087nfn0ahbxvcpclf-texlive-combined-2020/share/texmf/
tex/generic/pgf/basiclayer/pgfcorelayers.code.tex
File: pgfcorelayers.code.tex 2020/10/01 v3.1.6a (3.1.6a)
)
(/nix/store/lkw026p06wvnk4p087nfn0ahbxvcpclf-texlive-combined-2020/share/texmf/
tex/generic/pgf/basiclayer/pgfcoretransparency.code.tex
File: pgfcoretransparency.code.tex 2020/10/01 v3.1.6a (3.1.6a)
)
(/nix/store/lkw026p06wvnk4p087nfn0ahbxvcpclf-texlive-combined-2020/share/texmf/
tex/generic/pgf/basiclayer/pgfcorepatterns.code.tex
File: pgfcorepatterns.code.tex 2020/10/01 v3.1.6a (3.1.6a)
)
(/nix/store/lkw026p06wvnk4p087nfn0ahbxvcpclf-texlive-combined-2020/share/texmf/
tex/generic/pgf/basiclayer/pgfcorerdf.code.tex
File: pgfcorerdf.code.tex 2020/10/01 v3.1.6a (3.1.6a)
)))
(/nix/store/lkw026p06wvnk4p087nfn0ahbxvcpclf-texlive-combined-2020/share/texmf/
tex/latex/pgf/utilities/xxcolor.sty
Package: xxcolor 2003/10/24 ver 0.1
\XC@nummixins=\count281
\XC@countmixins=\count282
)
(/nix/store/lkw026p06wvnk4p087nfn0ahbxvcpclf-texlive-combined-2020/share/texmf/
tex/latex/base/atbegshi-ltx.sty
Package: atbegshi-ltx 2020/08/17 v1.0a Emulation of the original atbegshi packa
ge
with kernel methods
)
(/nix/store/lkw026p06wvnk4p087nfn0ahbxvcpclf-texlive-combined-2020/share/texmf/
tex/latex/hyperref/hyperref.sty
Package: hyperref 2020-05-15 v7.00e Hypertext links for LaTeX

(/nix/store/lkw026p06wvnk4p087nfn0ahbxvcpclf-texlive-combined-2020/share/texmf/
tex/generic/ltxcmds/ltxcmds.sty
Package: ltxcmds 2020-05-10 v1.25 LaTeX kernel commands for general use (HO)
)
(/nix/store/lkw026p06wvnk4p087nfn0ahbxvcpclf-texlive-combined-2020/share/texmf/
tex/generic/pdftexcmds/pdftexcmds.sty
Package: pdftexcmds 2020-06-27 v0.33 Utility functions of pdfTeX for LuaTeX (HO
)

(/nix/store/lkw026p06wvnk4p087nfn0ahbxvcpclf-texlive-combined-2020/share/texmf/
tex/generic/infwarerr/infwarerr.sty
Package: infwarerr 2019/12/03 v1.5 Providing info/warning/error messages (HO)
)
Package pdftexcmds Info: \pdf@primitive is available.
Package pdftexcmds Info: \pdf@ifprimitive is available.
Package pdftexcmds Info: \pdfdraftmode found.
)
(/nix/store/lkw026p06wvnk4p087nfn0ahbxvcpclf-texlive-combined-2020/share/texmf/
tex/generic/kvsetkeys/kvsetkeys.sty
Package: kvsetkeys 2019/12/15 v1.18 Key value parser (HO)
)
(/nix/store/lkw026p06wvnk4p087nfn0ahbxvcpclf-texlive-combined-2020/share/texmf/
tex/generic/kvdefinekeys/kvdefinekeys.sty
Package: kvdefinekeys 2019-12-19 v1.6 Define keys (HO)
)
(/nix/store/lkw026p06wvnk4p087nfn0ahbxvcpclf-texlive-combined-2020/share/texmf/
tex/generic/pdfescape/pdfescape.sty
Package: pdfescape 2019/12/09 v1.15 Implements pdfTeX's escape features (HO)
)
(/nix/store/lkw026p06wvnk4p087nfn0ahbxvcpclf-texlive-combined-2020/share/texmf/
tex/latex/hycolor/hycolor.sty
Package: hycolor 2020-01-27 v1.10 Color options for hyperref/bookmark (HO)
)
(/nix/store/lkw026p06wvnk4p087nfn0ahbxvcpclf-texlive-combined-2020/share/texmf/
tex/latex/letltxmacro/letltxmacro.sty
Package: letltxmacro 2019/12/03 v1.6 Let assignment for LaTeX macros (HO)
)
(/nix/store/lkw026p06wvnk4p087nfn0ahbxvcpclf-texlive-combined-2020/share/texmf/
tex/latex/auxhook/auxhook.sty
Package: auxhook 2019-12-17 v1.6 Hooks for auxiliary files (HO)
)
(/nix/store/lkw026p06wvnk4p087nfn0ahbxvcpclf-texlive-combined-2020/share/texmf/
tex/latex/kvoptions/kvoptions.sty
Package: kvoptions 2019/11/29 v3.13 Key value format for package options (HO)
)
\@linkdim=\dimen257
\Hy@linkcounter=\count283
\Hy@pagecounter=\count284

(/nix/store/lkw026p06wvnk4p087nfn0ahbxvcpclf-texlive-combined-2020/share/texmf/
tex/latex/hyperref/pd1enc.def
File: pd1enc.def 2020-05-15 v7.00e Hyperref: PDFDocEncoding definition (HO)
Now handling font encoding PD1 ...
... no UTF-8 mapping file for font encoding PD1
)
(/nix/store/lkw026p06wvnk4p087nfn0ahbxvcpclf-texlive-combined-2020/share/texmf/
tex/generic/intcalc/intcalc.sty
Package: intcalc 2019/12/15 v1.3 Expandable calculations with integers (HO)
)
(/nix/store/lkw026p06wvnk4p087nfn0ahbxvcpclf-texlive-combined-2020/share/texmf/
tex/generic/etexcmds/etexcmds.sty
Package: etexcmds 2019/12/15 v1.7 Avoid name clashes with e-TeX commands (HO)
)
\Hy@SavedSpaceFactor=\count285
Package hyperref Info: Option `bookmarks' set `true' on input line 4338.
Package hyperref Info: Option `bookmarksopen' set `true' on input line 4338.
Package hyperref Info: Option `implicit' set `false' on input line 4338.
Package hyperref Info: Hyper figures OFF on input line 4464.
Package hyperref Info: Link nesting OFF on input line 4469.
Package hyperref Info: Hyper index ON on input line 4472.
Package hyperref Info: Plain pages OFF on input line 4479.
Package hyperref Info: Backreferencing OFF on input line 4484.
Package hyperref Info: Implicit mode OFF; no redefinition of LaTeX internals.
Package hyperref Info: Bookmarks ON on input line 4717.
\c@Hy@tempcnt=\count286

(/nix/store/lkw026p06wvnk4p087nfn0ahbxvcpclf-texlive-combined-2020/share/texmf/
tex/latex/url/url.sty
\Urlmuskip=\muskip16
Package: url 2013/09/16  ver 3.4  Verb mode for urls, etc.
)
LaTeX Info: Redefining \url on input line 5076.
\XeTeXLinkMargin=\dimen258

(/nix/store/lkw026p06wvnk4p087nfn0ahbxvcpclf-texlive-combined-2020/share/texmf/
tex/generic/bitset/bitset.sty
Package: bitset 2019/12/09 v1.3 Handle bit-vector datatype (HO)

(/nix/store/lkw026p06wvnk4p087nfn0ahbxvcpclf-texlive-combined-2020/share/texmf/
tex/generic/bigintcalc/bigintcalc.sty
Package: bigintcalc 2019/12/15 v1.5 Expandable calculations on big integers (HO
)
))
\Fld@menulength=\count287
\Field@Width=\dimen259
\Fld@charsize=\dimen260
Package hyperref Info: Hyper figures OFF on input line 6347.
Package hyperref Info: Link nesting OFF on input line 6352.
Package hyperref Info: Hyper index ON on input line 6355.
Package hyperref Info: backreferencing OFF on input line 6362.
Package hyperref Info: Link coloring OFF on input line 6367.
Package hyperref Info: Link coloring with OCG OFF on input line 6372.
Package hyperref Info: PDF/A mode OFF on input line 6377.
LaTeX Info: Redefining \ref on input line 6417.
LaTeX Info: Redefining \pageref on input line 6421.
\Hy@abspage=\count288


Package hyperref Message: Stopped early.

)
Package hyperref Info: Driver (autodetected): hpdftex.

(/nix/store/lkw026p06wvnk4p087nfn0ahbxvcpclf-texlive-combined-2020/share/texmf/
tex/latex/hyperref/hpdftex.def
File: hpdftex.def 2020-05-15 v7.00e Hyperref driver for pdfTeX

(/nix/store/lkw026p06wvnk4p087nfn0ahbxvcpclf-texlive-combined-2020/share/texmf/
tex/latex/base/atveryend-ltx.sty
Package: atveryend-ltx 2020/08/19 v1.0a Emulation of the original atvery packag
e
with kernel methods
)
\Fld@listcount=\count289
\c@bookmark@seq@number=\count290

(/nix/store/lkw026p06wvnk4p087nfn0ahbxvcpclf-texlive-combined-2020/share/texmf/
tex/latex/rerunfilecheck/rerunfilecheck.sty
Package: rerunfilecheck 2019/12/05 v1.9 Rerun checks for auxiliary files (HO)

(/nix/store/lkw026p06wvnk4p087nfn0ahbxvcpclf-texlive-combined-2020/share/texmf/
tex/generic/uniquecounter/uniquecounter.sty
Package: uniquecounter 2019/12/15 v1.4 Provide unlimited unique counter (HO)
)
Package uniquecounter Info: New unique counter `rerunfilecheck' on input line 2
86.
))
(/nix/store/lkw026p06wvnk4p087nfn0ahbxvcpclf-texlive-combined-2020/share/texmf/
tex/latex/beamer/beamerbaserequires.sty
(/nix/store/lkw026p06wvnk4p087nfn0ahbxvcpclf-texlive-combined-2020/share/texmf/
tex/latex/beamer/beamerbasecompatibility.sty)
(/nix/store/lkw026p06wvnk4p087nfn0ahbxvcpclf-texlive-combined-2020/share/texmf/
tex/latex/beamer/beamerbasefont.sty
(/nix/store/lkw026p06wvnk4p087nfn0ahbxvcpclf-texlive-combined-2020/share/texmf/
tex/latex/amsfonts/amssymb.sty
Package: amssymb 2013/01/14 v3.01 AMS font symbols

(/nix/store/lkw026p06wvnk4p087nfn0ahbxvcpclf-texlive-combined-2020/share/texmf/
tex/latex/amsfonts/amsfonts.sty
Package: amsfonts 2013/01/14 v3.01 Basic AMSFonts support
\@emptytoks=\toks27
\symAMSa=\mathgroup4
\symAMSb=\mathgroup5
LaTeX Font Info:    Redeclaring math symbol \hbar on input line 98.
LaTeX Font Info:    Overwriting math alphabet `\mathfrak' in version `bold'
(Font)                  U/euf/m/n --> U/euf/b/n on input line 106.
)))
(/nix/store/lkw026p06wvnk4p087nfn0ahbxvcpclf-texlive-combined-2020/share/texmf/
tex/latex/beamer/beamerbasetranslator.sty
(/nix/store/lkw026p06wvnk4p087nfn0ahbxvcpclf-texlive-combined-2020/share/texmf/
tex/latex/translator/translator.sty
Package: translator 2020-08-03 v1.12c Easy translation of strings in LaTeX
))
(/nix/store/lkw026p06wvnk4p087nfn0ahbxvcpclf-texlive-combined-2020/share/texmf/
tex/latex/beamer/beamerbasemisc.sty)
(/nix/store/lkw026p06wvnk4p087nfn0ahbxvcpclf-texlive-combined-2020/share/texmf/
tex/latex/beamer/beamerbasetwoscreens.sty)
(/nix/store/lkw026p06wvnk4p087nfn0ahbxvcpclf-texlive-combined-2020/share/texmf/
tex/latex/beamer/beamerbaseoverlay.sty
\beamer@argscount=\count291
\beamer@lastskipcover=\skip50
\beamer@trivlistdepth=\count292
)
(/nix/store/lkw026p06wvnk4p087nfn0ahbxvcpclf-texlive-combined-2020/share/texmf/
tex/latex/beamer/beamerbasetitle.sty)
(/nix/store/lkw026p06wvnk4p087nfn0ahbxvcpclf-texlive-combined-2020/share/texmf/
tex/latex/beamer/beamerbasesection.sty
\c@lecture=\count293
\c@part=\count294
\c@section=\count295
\c@subsection=\count296
\c@subsubsection=\count297
)
(/nix/store/lkw026p06wvnk4p087nfn0ahbxvcpclf-texlive-combined-2020/share/texmf/
tex/latex/beamer/beamerbaseframe.sty
\beamer@framebox=\box62
\beamer@frametitlebox=\box63
\beamer@zoombox=\box64
\beamer@zoomcount=\count298
\beamer@zoomframecount=\count299
\beamer@frametextheight=\dimen261
\c@subsectionslide=\count300
\beamer@frametopskip=\skip51
\beamer@framebottomskip=\skip52
\beamer@frametopskipautobreak=\skip53
\beamer@framebottomskipautobreak=\skip54
\beamer@envbody=\toks28
\framewidth=\dimen262
\c@framenumber=\count301
)
(/nix/store/lkw026p06wvnk4p087nfn0ahbxvcpclf-texlive-combined-2020/share/texmf/
tex/latex/beamer/beamerbaseverbatim.sty
\beamer@verbatimfileout=\write4
)
(/nix/store/lkw026p06wvnk4p087nfn0ahbxvcpclf-texlive-combined-2020/share/texmf/
tex/latex/beamer/beamerbaseframesize.sty
\beamer@splitbox=\box65
\beamer@autobreakcount=\count302
\beamer@autobreaklastheight=\dimen263
\beamer@frametitletoks=\toks29
\beamer@framesubtitletoks=\toks30
)
(/nix/store/lkw026p06wvnk4p087nfn0ahbxvcpclf-texlive-combined-2020/share/texmf/
tex/latex/beamer/beamerbaseframecomponents.sty
\beamer@footins=\box66
)
(/nix/store/lkw026p06wvnk4p087nfn0ahbxvcpclf-texlive-combined-2020/share/texmf/
tex/latex/beamer/beamerbasecolor.sty)
(/nix/store/lkw026p06wvnk4p087nfn0ahbxvcpclf-texlive-combined-2020/share/texmf/
tex/latex/beamer/beamerbasenotes.sty
\beamer@frameboxcopy=\box67
)
(/nix/store/lkw026p06wvnk4p087nfn0ahbxvcpclf-texlive-combined-2020/share/texmf/
tex/latex/beamer/beamerbasetoc.sty)
(/nix/store/lkw026p06wvnk4p087nfn0ahbxvcpclf-texlive-combined-2020/share/texmf/
tex/latex/beamer/beamerbasetemplates.sty
\beamer@sbttoks=\toks31

(/nix/store/lkw026p06wvnk4p087nfn0ahbxvcpclf-texlive-combined-2020/share/texmf/
tex/latex/beamer/beamerbaseauxtemplates.sty
(/nix/store/lkw026p06wvnk4p087nfn0ahbxvcpclf-texlive-combined-2020/share/texmf/
tex/latex/beamer/beamerbaseboxes.sty
\bmb@box=\box68
\bmb@colorbox=\box69
\bmb@boxshadow=\box70
\bmb@boxshadowball=\box71
\bmb@boxshadowballlarge=\box72
\bmb@temp=\dimen264
\bmb@dima=\dimen265
\bmb@dimb=\dimen266
\bmb@prevheight=\dimen267
)
\beamer@blockheadheight=\dimen268
))
(/nix/store/lkw026p06wvnk4p087nfn0ahbxvcpclf-texlive-combined-2020/share/texmf/
tex/latex/beamer/beamerbaselocalstructure.sty
(/nix/store/lkw026p06wvnk4p087nfn0ahbxvcpclf-texlive-combined-2020/share/texmf/
tex/latex/tools/enumerate.sty
Package: enumerate 2015/07/23 v3.00 enumerate extensions (DPC)
\@enLab=\toks32
)
\c@figure=\count303
\c@table=\count304
\abovecaptionskip=\skip55
\belowcaptionskip=\skip56
)
(/nix/store/lkw026p06wvnk4p087nfn0ahbxvcpclf-texlive-combined-2020/share/texmf/
tex/latex/beamer/beamerbasenavigation.sty
\beamer@section@min@dim=\dimen269
)
(/nix/store/lkw026p06wvnk4p087nfn0ahbxvcpclf-texlive-combined-2020/share/texmf/
tex/latex/beamer/beamerbasetheorems.sty
(/nix/store/lkw026p06wvnk4p087nfn0ahbxvcpclf-texlive-combined-2020/share/texmf/
tex/latex/amsmath/amsmath.sty
Package: amsmath 2020/09/23 v2.17i AMS math features
\@mathmargin=\skip57

For additional information on amsmath, use the `?' option.

(/nix/store/lkw026p06wvnk4p087nfn0ahbxvcpclf-texlive-combined-2020/share/texmf/
tex/latex/amsmath/amstext.sty
Package: amstext 2000/06/29 v2.01 AMS text

(/nix/store/lkw026p06wvnk4p087nfn0ahbxvcpclf-texlive-combined-2020/share/texmf/
tex/latex/amsmath/amsgen.sty
File: amsgen.sty 1999/11/30 v2.0 generic functions
\@emptytoks=\toks33
\ex@=\dimen270
))
(/nix/store/lkw026p06wvnk4p087nfn0ahbxvcpclf-texlive-combined-2020/share/texmf/
tex/latex/amsmath/amsbsy.sty
Package: amsbsy 1999/11/29 v1.2d Bold Symbols
\pmbraise@=\dimen271
)
(/nix/store/lkw026p06wvnk4p087nfn0ahbxvcpclf-texlive-combined-2020/share/texmf/
tex/latex/amsmath/amsopn.sty
Package: amsopn 2016/03/08 v2.02 operator names
)
\inf@bad=\count305
LaTeX Info: Redefining \frac on input line 234.
\uproot@=\count306
\leftroot@=\count307
LaTeX Info: Redefining \overline on input line 399.
\classnum@=\count308
\DOTSCASE@=\count309
LaTeX Info: Redefining \ldots on input line 496.
LaTeX Info: Redefining \dots on input line 499.
LaTeX Info: Redefining \cdots on input line 620.
\Mathstrutbox@=\box73
\strutbox@=\box74
\big@size=\dimen272
LaTeX Font Info:    Redeclaring font encoding OML on input line 743.
LaTeX Font Info:    Redeclaring font encoding OMS on input line 744.
\macc@depth=\count310
\c@MaxMatrixCols=\count311
\dotsspace@=\muskip17
\c@parentequation=\count312
\dspbrk@lvl=\count313
\tag@help=\toks34
\row@=\count314
\column@=\count315
\maxfields@=\count316
\andhelp@=\toks35
\eqnshift@=\dimen273
\alignsep@=\dimen274
\tagshift@=\dimen275
\tagwidth@=\dimen276
\totwidth@=\dimen277
\lineht@=\dimen278
\@envbody=\toks36
\multlinegap=\skip58
\multlinetaggap=\skip59
\mathdisplay@stack=\toks37
LaTeX Info: Redefining \[ on input line 2923.
LaTeX Info: Redefining \] on input line 2924.
)
(/nix/store/lkw026p06wvnk4p087nfn0ahbxvcpclf-texlive-combined-2020/share/texmf/
tex/latex/amscls/amsthm.sty
Package: amsthm 2020/05/29 v2.20.6
\thm@style=\toks38
\thm@bodyfont=\toks39
\thm@headfont=\toks40
\thm@notefont=\toks41
\thm@headpunct=\toks42
\thm@preskip=\skip60
\thm@postskip=\skip61
\thm@headsep=\skip62
\dth@everypar=\toks43
)
\c@theorem=\count317
)
(/nix/store/lkw026p06wvnk4p087nfn0ahbxvcpclf-texlive-combined-2020/share/texmf/
tex/latex/beamer/beamerbasethemes.sty))
(/nix/store/lkw026p06wvnk4p087nfn0ahbxvcpclf-texlive-combined-2020/share/texmf/
tex/latex/beamer/beamerthemedefault.sty
(/nix/store/lkw026p06wvnk4p087nfn0ahbxvcpclf-texlive-combined-2020/share/texmf/
tex/latex/beamer/beamerfontthemedefault.sty)
(/nix/store/lkw026p06wvnk4p087nfn0ahbxvcpclf-texlive-combined-2020/share/texmf/
tex/latex/beamer/beamercolorthemedefault.sty)
(/nix/store/lkw026p06wvnk4p087nfn0ahbxvcpclf-texlive-combined-2020/share/texmf/
tex/latex/beamer/beamerinnerthemedefault.sty
\beamer@dima=\dimen279
\beamer@dimb=\dimen280
)
(/nix/store/lkw026p06wvnk4p087nfn0ahbxvcpclf-texlive-combined-2020/share/texmf/
tex/latex/beamer/beamerouterthemedefault.sty)))
(/nix/store/lkw026p06wvnk4p087nfn0ahbxvcpclf-texlive-combined-2020/share/texmf/
tex/latex/base/fontenc.sty
Package: fontenc 2020/08/10 v2.0s Standard LaTeX package
)
(/nix/store/lkw026p06wvnk4p087nfn0ahbxvcpclf-texlive-combined-2020/share/texmf/
tex/latex/base/fontenc.sty
Package: fontenc 2020/08/10 v2.0s Standard LaTeX package
)
(/nix/store/lkw026p06wvnk4p087nfn0ahbxvcpclf-texlive-combined-2020/share/texmf/
tex/latex/libertine/libertine.sty
Package: libertine 2020/03/26 (Bob Tennent) Supports Libertine and Biolinum fon
ts for all LaTeX engines.

(/nix/store/lkw026p06wvnk4p087nfn0ahbxvcpclf-texlive-combined-2020/share/texmf/
tex/generic/iftex/ifxetex.sty
Package: ifxetex 2019/10/25 v0.7 ifxetex legacy package. Use iftex instead.
)
(/nix/store/lkw026p06wvnk4p087nfn0ahbxvcpclf-texlive-combined-2020/share/texmf/
tex/generic/iftex/ifluatex.sty
Package: ifluatex 2019/10/25 v1.5 ifluatex legacy package. Use iftex instead.
)
(/nix/store/lkw026p06wvnk4p087nfn0ahbxvcpclf-texlive-combined-2020/share/texmf/
tex/latex/xkeyval/xkeyval.sty
Package: xkeyval 2014/12/03 v2.7a package option processing (HA)

(/nix/store/lkw026p06wvnk4p087nfn0ahbxvcpclf-texlive-combined-2020/share/texmf/
tex/generic/xkeyval/xkeyval.tex
(/nix/store/lkw026p06wvnk4p087nfn0ahbxvcpclf-texlive-combined-2020/share/texmf/
tex/generic/xkeyval/xkvutils.tex
\XKV@toks=\toks44
\XKV@tempa@toks=\toks45
)
\XKV@depth=\count318
File: xkeyval.tex 2014/12/03 v2.7a key=value parser (HA)
))
(/nix/store/lkw026p06wvnk4p087nfn0ahbxvcpclf-texlive-combined-2020/share/texmf/
tex/latex/base/textcomp.sty
Package: textcomp 2020/02/02 v2.0n Standard LaTeX package
)
(/nix/store/lkw026p06wvnk4p087nfn0ahbxvcpclf-texlive-combined-2020/share/texmf/
tex/latex/base/fontenc.sty
Package: fontenc 2020/08/10 v2.0s Standard LaTeX package
)
(/nix/store/lkw026p06wvnk4p087nfn0ahbxvcpclf-texlive-combined-2020/share/texmf/
tex/latex/MinionPro/fontaxes.sty
Package: fontaxes 2007/03/31 v0.2b Font selection axes
LaTeX Info: Redefining \upshape on input line 26.
LaTeX Info: Redefining \itshape on input line 28.
LaTeX Info: Redefining \slshape on input line 30.
LaTeX Info: Redefining \swshape on input line 32.
LaTeX Info: Redefining \scshape on input line 34.
LaTeX Info: Redefining \sscshape on input line 36.
LaTeX Info: Redefining \ulcshape on input line 38.
LaTeX Info: Redefining \textsw on input line 43.
LaTeX Info: Redefining \textssc on input line 44.
LaTeX Info: Redefining \textulc on input line 45.
)
LaTeX Info: Redefining \oldstylenums on input line 484.

(/nix/store/lkw026p06wvnk4p087nfn0ahbxvcpclf-texlive-combined-2020/share/texmf/
tex/latex/libertine/LinLibertine_I.tex))
(/nix/store/lkw026p06wvnk4p087nfn0ahbxvcpclf-texlive-combined-2020/share/texmf/
tex/latex/eulervm/eulervm.sty
Package: eulervm 2005/01/11 v4.0 (WaS)
)
(/nix/store/lkw026p06wvnk4p087nfn0ahbxvcpclf-texlive-combined-2020/share/texmf/
tex/latex/tipa/tipa.sty
Package: tipa 2002/08/08 TIPA version 1.1

(/nix/store/lkw026p06wvnk4p087nfn0ahbxvcpclf-texlive-combined-2020/share/texmf/
tex/latex/base/fontenc.sty
Package: fontenc 2020/08/10 v2.0s Standard LaTeX package

(/nix/store/lkw026p06wvnk4p087nfn0ahbxvcpclf-texlive-combined-2020/share/texmf/
tex/latex/tipa/t3enc.def
File: t3enc.def 2001/12/31 T3 encoding
Now handling font encoding T3 ...
... no UTF-8 mapping file for font encoding T3


LaTeX Font Warning: Font shape `T1/cmss/b/n' undefined
(Font)              using `T1/cmss/bx/n' instead on input line 356.

LaTeX Font Info:    Trying to load font information for T1+LinuxBiolinumT-TLF o
n input line 357.

(/nix/store/lkw026p06wvnk4p087nfn0ahbxvcpclf-texlive-combined-2020/share/texmf/
tex/latex/libertine/T1LinuxBiolinumT-TLF.fd
File: T1LinuxBiolinumT-TLF.fd 2017/03/20 (autoinst) Font definitions for T1/Lin
uxBiolinumT-TLF.
)
LaTeX Font Info:    Font shape `T1/LinuxBiolinumT-TLF/m/n' will be
(Font)              scaled to size 10.95pt on input line 357.
)))
(/nix/store/lkw026p06wvnk4p087nfn0ahbxvcpclf-texlive-combined-2020/share/texmf/
tex/latex/adjustbox/adjustbox.sty
Package: adjustbox 2020/08/19 v1.3 Adjusting TeX boxes (trim, clip, ...)

(/nix/store/lkw026p06wvnk4p087nfn0ahbxvcpclf-texlive-combined-2020/share/texmf/
tex/latex/adjustbox/adjcalc.sty
Package: adjcalc 2012/05/16 v1.1 Provides advanced setlength with multiple back
-ends (calc, etex, pgfmath)
)
(/nix/store/lkw026p06wvnk4p087nfn0ahbxvcpclf-texlive-combined-2020/share/texmf/
tex/latex/adjustbox/trimclip.sty
Package: trimclip 2020/08/19 v1.2 Trim and clip general TeX material

(/nix/store/lkw026p06wvnk4p087nfn0ahbxvcpclf-texlive-combined-2020/share/texmf/
tex/latex/collectbox/collectbox.sty
Package: collectbox 2012/05/17 v0.4b Collect macro arguments as boxes
\collectedbox=\box75
)
\tc@llx=\dimen281
\tc@lly=\dimen282
\tc@urx=\dimen283
\tc@ury=\dimen284
Package trimclip Info: Using driver 'tc-pdftex.def'.

(/nix/store/lkw026p06wvnk4p087nfn0ahbxvcpclf-texlive-combined-2020/share/texmf/
tex/latex/adjustbox/tc-pdftex.def
File: tc-pdftex.def 2019/01/04 v2.2 Clipping driver for pdftex
))
\adjbox@Width=\dimen285
\adjbox@Height=\dimen286
\adjbox@Depth=\dimen287
\adjbox@Totalheight=\dimen288
\adjbox@pwidth=\dimen289
\adjbox@pheight=\dimen290
\adjbox@pdepth=\dimen291
\adjbox@ptotalheight=\dimen292
)
(/nix/store/lkw026p06wvnk4p087nfn0ahbxvcpclf-texlive-combined-2020/share/texmf/
tex/latex/multirow/multirow.sty
Package: multirow 2019/05/31 v2.5 Span multiple rows of a table
\multirow@colwidth=\skip63
\multirow@cntb=\count319
\multirow@dima=\skip64
\bigstrutjot=\dimen293
)
(/nix/store/lkw026p06wvnk4p087nfn0ahbxvcpclf-texlive-combined-2020/share/texmf/
tex/latex/tools/multicol.sty
Package: multicol 2019/12/09 v1.8y multicolumn formatting (FMi)
\c@tracingmulticols=\count320
\mult@box=\box76
\multicol@leftmargin=\dimen294
\c@unbalance=\count321
\c@collectmore=\count322
\doublecol@number=\count323
\multicoltolerance=\count324
\multicolpretolerance=\count325
\full@width=\dimen295
\page@free=\dimen296
\premulticols=\dimen297
\postmulticols=\dimen298
\multicolsep=\skip65
\multicolbaselineskip=\skip66
\partial@page=\box77
\last@line=\box78
\maxbalancingoverflow=\dimen299
\mult@rightbox=\box79
\mult@grightbox=\box80
\mult@gfirstbox=\box81
\mult@firstbox=\box82
\@tempa=\box83
\@tempa=\box84
\@tempa=\box85
\@tempa=\box86
\@tempa=\box87
\@tempa=\box88
\@tempa=\box89
\@tempa=\box90
\@tempa=\box91
\@tempa=\box92
\@tempa=\box93
\@tempa=\box94
\@tempa=\box95
\@tempa=\box96
\@tempa=\box97
\@tempa=\box98
\@tempa=\box99
\@tempa=\box100
\@tempa=\box101
\@tempa=\box102
\@tempa=\box103
\@tempa=\box104
\@tempa=\box105
\@tempa=\box106
\@tempa=\box107
\@tempa=\box108
\@tempa=\box109
\@tempa=\box110
\@tempa=\box111
\@tempa=\box112
\@tempa=\box113
\@tempa=\box114
\@tempa=\box115
\@tempa=\box116
\@tempa=\box117
\@tempa=\box118
\@tempa=\box119
\c@minrows=\count326
\c@columnbadness=\count327
\c@finalcolumnbadness=\count328
\last@try=\dimen300
\multicolovershoot=\dimen301
\multicolundershoot=\dimen302
\mult@nat@firstbox=\box120
\colbreak@box=\box121
\mc@col@check@num=\count329
)
(/nix/store/lkw026p06wvnk4p087nfn0ahbxvcpclf-texlive-combined-2020/share/texmf/
tex/latex/pgf/frontendlayer/tikz.sty
(/nix/store/lkw026p06wvnk4p087nfn0ahbxvcpclf-texlive-combined-2020/share/texmf/
tex/latex/pgf/basiclayer/pgf.sty
Package: pgf 2020/10/01 v3.1.6a (3.1.6a)

(/nix/store/lkw026p06wvnk4p087nfn0ahbxvcpclf-texlive-combined-2020/share/texmf/
tex/generic/pgf/modules/pgfmoduleshapes.code.tex
File: pgfmoduleshapes.code.tex 2020/10/01 v3.1.6a (3.1.6a)
\pgfnodeparttextbox=\box122
)
(/nix/store/lkw026p06wvnk4p087nfn0ahbxvcpclf-texlive-combined-2020/share/texmf/
tex/generic/pgf/modules/pgfmoduleplot.code.tex
File: pgfmoduleplot.code.tex 2020/10/01 v3.1.6a (3.1.6a)
)
(/nix/store/lkw026p06wvnk4p087nfn0ahbxvcpclf-texlive-combined-2020/share/texmf/
tex/latex/pgf/compatibility/pgfcomp-version-0-65.sty
Package: pgfcomp-version-0-65 2020/10/01 v3.1.6a (3.1.6a)
\pgf@nodesepstart=\dimen303
\pgf@nodesepend=\dimen304
)
(/nix/store/lkw026p06wvnk4p087nfn0ahbxvcpclf-texlive-combined-2020/share/texmf/
tex/latex/pgf/compatibility/pgfcomp-version-1-18.sty
Package: pgfcomp-version-1-18 2020/10/01 v3.1.6a (3.1.6a)
))
(/nix/store/lkw026p06wvnk4p087nfn0ahbxvcpclf-texlive-combined-2020/share/texmf/
tex/latex/pgf/utilities/pgffor.sty
(/nix/store/lkw026p06wvnk4p087nfn0ahbxvcpclf-texlive-combined-2020/share/texmf/
tex/latex/pgf/utilities/pgfkeys.sty
(/nix/store/lkw026p06wvnk4p087nfn0ahbxvcpclf-texlive-combined-2020/share/texmf/
tex/generic/pgf/utilities/pgfkeys.code.tex))
(/nix/store/lkw026p06wvnk4p087nfn0ahbxvcpclf-texlive-combined-2020/share/texmf/
tex/latex/pgf/math/pgfmath.sty
(/nix/store/lkw026p06wvnk4p087nfn0ahbxvcpclf-texlive-combined-2020/share/texmf/
tex/generic/pgf/math/pgfmath.code.tex))
(/nix/store/lkw026p06wvnk4p087nfn0ahbxvcpclf-texlive-combined-2020/share/texmf/
tex/generic/pgf/utilities/pgffor.code.tex
Package: pgffor 2020/10/01 v3.1.6a (3.1.6a)

(/nix/store/lkw026p06wvnk4p087nfn0ahbxvcpclf-texlive-combined-2020/share/texmf/
tex/generic/pgf/math/pgfmath.code.tex)
\pgffor@iter=\dimen305
\pgffor@skip=\dimen306
\pgffor@stack=\toks46
\pgffor@toks=\toks47
))
(/nix/store/lkw026p06wvnk4p087nfn0ahbxvcpclf-texlive-combined-2020/share/texmf/
tex/generic/pgf/frontendlayer/tikz/tikz.code.tex
Package: tikz 2020/10/01 v3.1.6a (3.1.6a)

(/nix/store/lkw026p06wvnk4p087nfn0ahbxvcpclf-texlive-combined-2020/share/texmf/
tex/generic/pgf/libraries/pgflibraryplothandlers.code.tex
File: pgflibraryplothandlers.code.tex 2020/10/01 v3.1.6a (3.1.6a)
\pgf@plot@mark@count=\count330
\pgfplotmarksize=\dimen307
)
\tikz@lastx=\dimen308
\tikz@lasty=\dimen309
\tikz@lastxsaved=\dimen310
\tikz@lastysaved=\dimen311
\tikz@lastmovetox=\dimen312
\tikz@lastmovetoy=\dimen313
\tikzleveldistance=\dimen314
\tikzsiblingdistance=\dimen315
\tikz@figbox=\box123
\tikz@figbox@bg=\box124
\tikz@tempbox=\box125
\tikz@tempbox@bg=\box126
\tikztreelevel=\count331
\tikznumberofchildren=\count332
\tikznumberofcurrentchild=\count333
\tikz@fig@count=\count334

(/nix/store/lkw026p06wvnk4p087nfn0ahbxvcpclf-texlive-combined-2020/share/texmf/
tex/generic/pgf/modules/pgfmodulematrix.code.tex
File: pgfmodulematrix.code.tex 2020/10/01 v3.1.6a (3.1.6a)
\pgfmatrixcurrentrow=\count335
\pgfmatrixcurrentcolumn=\count336
\pgf@matrix@numberofcolumns=\count337
)
\tikz@expandcount=\count338

(/nix/store/lkw026p06wvnk4p087nfn0ahbxvcpclf-texlive-combined-2020/share/texmf/
tex/generic/pgf/frontendlayer/tikz/libraries/tikzlibrarytopaths.code.tex
File: tikzlibrarytopaths.code.tex 2020/10/01 v3.1.6a (3.1.6a)
)))
(/nix/store/lkw026p06wvnk4p087nfn0ahbxvcpclf-texlive-combined-2020/share/texmf/
tex/generic/pgf/frontendlayer/tikz/libraries/tikzlibrarypositioning.code.tex
File: tikzlibrarypositioning.code.tex 2020/10/01 v3.1.6a (3.1.6a)
)
(/nix/store/lkw026p06wvnk4p087nfn0ahbxvcpclf-texlive-combined-2020/share/texmf/
tex/latex/tikz-qtree/tikz-qtree.sty
(/nix/store/lkw026p06wvnk4p087nfn0ahbxvcpclf-texlive-combined-2020/share/texmf/
tex/latex/tikz-qtree/pgftree.sty
(/nix/store/lkw026p06wvnk4p087nfn0ahbxvcpclf-texlive-combined-2020/share/texmf/
tex/latex/tikz-qtree/pgfsubpic.sty
(/nix/store/lkw026p06wvnk4p087nfn0ahbxvcpclf-texlive-combined-2020/share/texmf/
tex/latex/tikz-qtree/pgfsubpic.tex
\pgf@subpicminx=\dimen316
\pgf@subpicminy=\dimen317
\pgf@subpicmaxx=\dimen318
\pgf@subpicmaxy=\dimen319
))
(/nix/store/lkw026p06wvnk4p087nfn0ahbxvcpclf-texlive-combined-2020/share/texmf/
tex/latex/tikz-qtree/pgftree.tex
\levelsep=\dimen320
\subtreesep=\dimen321
\smuggle@levelsep=\dimen322
\smuggle@subtreesep=\dimen323
\this@levelsep=\dimen324
\this@subtreesep=\dimen325
\pgftree@childx=\dimen326
\pgftree@savechildx=\dimen327
\pgftree@childy=\dimen328
\pgftree@savechildy=\dimen329
\pgftree@childi=\count339
\pgftree@savechildi=\count340
\pgftree@level=\count341
\pgftree@depth=\dimen330
\pgf@subpic@hbox@children=\box127
\pgf@subpic@minx@children=\dimen331
\pgf@subpic@miny@children=\dimen332
\pgf@subpic@maxx@children=\dimen333
\pgf@subpic@maxy@children=\dimen334
\pgftree@lastchildx=\dimen335
\pgftree@lastchildy=\dimen336
))
(/nix/store/lkw026p06wvnk4p087nfn0ahbxvcpclf-texlive-combined-2020/share/texmf/
tex/latex/tikz-qtree/tikz-qtree.tex
\@result=\toks48
\child@list=\toks49
\root@node=\toks50
))
(/nix/store/lkw026p06wvnk4p087nfn0ahbxvcpclf-texlive-combined-2020/share/texmf/
tex/generic/expex/expex.sty
Package: expex 5/1/2017 v5.1b LaTex wrapper for expex.tex (JF)

(/nix/store/lkw026p06wvnk4p087nfn0ahbxvcpclf-texlive-combined-2020/share/texmf/
tex/generic/expex/expex.tex
File: expex.tex 5/25/2017 v5.1b ExPex linguistics example formatter (JF)
\ep@dima=\dimen337
\ep@dimb=\dimen338
\ep@dimc=\dimen339
\ep@cnta=\count342
\epc@b=\count343
\excnt=\count344
\numbox=\box128
\epd@numright=\dimen340
\pexcnt=\count345
\epd@labelleft=\dimen341
\epd@labelright=\dimen342
\epd@textleft=\dimen343
\epd@preambleleft=\dimen344
\epd@sampleexnowidth=\dimen345
\ep@everylabel=\toks51
\exnobox=\box129
\ling@tagsfile=\write5
\ling@tagsin=\read3
\glstrutbox=\box130
\ep@cascadeindent=\dimen346
\ep@hangindentamount=\dimen347
\ep@cascadecount=\count346
\gltoks@a=\toks52
\gltoks@b=\toks53
\glw@maxht=\dimen348
\glw@maxdp=\dimen349
\@itemtype=\count347
\gl@maxdplast=\dimen350
\gltoks@sofar=\toks54
\gltoks@every=\toks55
\gltoks@next=\toks56
\debug@glword=\box131
\@glaparsestate=\count348
\glwcascade@pshapeindent=\dimen351
\glwcascade@pshapelinewd=\dimen352
\ssleftwd=\dimen353
\ssrightwd=\dimen354
))
(/nix/store/lkw026p06wvnk4p087nfn0ahbxvcpclf-texlive-combined-2020/share/texmf/
tex/latex/natbib/natbib.sty
Package: natbib 2010/09/13 8.31b (PWD, AO)
\bibhang=\skip67
\bibsep=\skip68
LaTeX Info: Redefining \cite on input line 694.
\c@NAT@ctr=\count349
)
(/nix/store/lkw026p06wvnk4p087nfn0ahbxvcpclf-texlive-combined-2020/share/texmf/
tex/latex/stmaryrd/stmaryrd.sty
Package: stmaryrd 1994/03/03 St Mary's Road symbol package
\symstmry=\mathgroup6
LaTeX Font Info:    Overwriting symbol font `stmry' in version `bold'
(Font)                  U/stmry/m/n --> U/stmry/b/n on input line 89.
)
(/nix/store/lkw026p06wvnk4p087nfn0ahbxvcpclf-texlive-combined-2020/share/texmf/
tex/latex/oberdiek/stackrel.sty
Package: stackrel 2016/05/16 v1.3 Adding subscript option to stackrel (HO)
)
(/nix/store/lkw026p06wvnk4p087nfn0ahbxvcpclf-texlive-combined-2020/share/texmf/
tex/latex/stackengine/stackengine.sty
Package: stackengine 2017/02/13 v4.01\ Stacking text and objects in convenient 
ways

(/nix/store/lkw026p06wvnk4p087nfn0ahbxvcpclf-texlive-combined-2020/share/texmf/
tex/generic/listofitems/listofitems.sty
(/nix/store/lkw026p06wvnk4p087nfn0ahbxvcpclf-texlive-combined-2020/share/texmf/
tex/generic/listofitems/listofitems.tex
\loi_cnt_foreach_nest=\count350
\loi_nestcnt=\count351
)
Package: listofitems 2019/08/21 v1.63 Grab items in lists using user-specified 
sep char (CT)
)
(/nix/store/lkw026p06wvnk4p087nfn0ahbxvcpclf-texlive-combined-2020/share/texmf/
tex/latex/tools/calc.sty
Package: calc 2017/05/25 v4.3 Infix arithmetic (KKT,FJ)
\calc@Acount=\count352
\calc@Bcount=\count353
\calc@Adimen=\dimen355
\calc@Bdimen=\dimen356
\calc@Askip=\skip69
\calc@Bskip=\skip70
LaTeX Info: Redefining \setlength on input line 80.
LaTeX Info: Redefining \addtolength on input line 81.
\calc@Ccount=\count354
\calc@Cskip=\skip71
)
\c@@stackindex=\count355
\@boxshift=\skip72
\stack@tmplength=\skip73
\temp@stkl=\skip74
\@stackedboxwidth=\skip75
\@addedbox=\box132
\@anchorbox=\box133
\stackedbox=\box134
\@centerbox=\box135
\c@ROWcellindex@=\count356
)
(/nix/store/lkw026p06wvnk4p087nfn0ahbxvcpclf-texlive-combined-2020/share/texmf/
tex/latex/relsize/relsize.sty
Package: relsize 2013/03/29 ver 4.1
)
(/nix/store/lkw026p06wvnk4p087nfn0ahbxvcpclf-texlive-combined-2020/share/texmf/
tex/latex/mathtools/mathtools.sty
Package: mathtools 2020/03/24 v1.24 mathematical typesetting tools

(/nix/store/lkw026p06wvnk4p087nfn0ahbxvcpclf-texlive-combined-2020/share/texmf/
tex/latex/mathtools/mhsetup.sty
Package: mhsetup 2017/03/31 v1.3 programming setup (MH)
)
LaTeX Info: Thecontrolsequence`\('isalreadyrobust on input line 130.
LaTeX Info: Thecontrolsequence`\)'isalreadyrobust on input line 130.
LaTeX Info: Thecontrolsequence`\['isalreadyrobust on input line 130.
LaTeX Info: Thecontrolsequence`\]'isalreadyrobust on input line 130.
\g_MT_multlinerow_int=\count357
\l_MT_multwidth_dim=\dimen357
\origjot=\skip76
\l_MT_shortvdotswithinadjustabove_dim=\dimen358
\l_MT_shortvdotswithinadjustbelow_dim=\dimen359
\l_MT_above_intertext_sep=\dimen360
\l_MT_below_intertext_sep=\dimen361
\l_MT_above_shortintertext_sep=\dimen362
\l_MT_below_shortintertext_sep=\dimen363
\xmathstrut@box=\box136
\xmathstrut@dim=\dimen364
)
(/nix/store/lkw026p06wvnk4p087nfn0ahbxvcpclf-texlive-combined-2020/share/texmf/
tex/latex/base/fixltx2e.sty
Package: fixltx2e 2016/12/29 v2.1a fixes to LaTeX (obsolete)
Applying: [2015/01/01] Old fixltx2e package on input line 46.


Package fixltx2e Warning: fixltx2e is not required with releases after 2015
(fixltx2e)                All fixes are now in the LaTeX kernel.
(fixltx2e)                See the latexrelease package for details.

Already applied: [0000/00/00] Old fixltx2e package on input line 53.
)
(/nix/store/lkw026p06wvnk4p087nfn0ahbxvcpclf-texlive-combined-2020/share/texmf/
tex/generic/ulem/ulem.sty
\UL@box=\box137
\UL@hyphenbox=\box138
\UL@skip=\skip77
\UL@hook=\toks57
\UL@height=\dimen365
\UL@pe=\count358
\UL@pixel=\dimen366
\ULC@box=\box139
Package: ulem 2019/11/18
\ULdepth=\dimen367
)
(/nix/store/lkw026p06wvnk4p087nfn0ahbxvcpclf-texlive-combined-2020/share/texmf/
tex/latex/beamer/beamerthemeBoadilla.sty
(/nix/store/lkw026p06wvnk4p087nfn0ahbxvcpclf-texlive-combined-2020/share/texmf/
tex/latex/beamer/beamercolorthemerose.sty)
(/nix/store/lkw026p06wvnk4p087nfn0ahbxvcpclf-texlive-combined-2020/share/texmf/
tex/latex/beamer/beamerinnerthemerounded.sty)
(/nix/store/lkw026p06wvnk4p087nfn0ahbxvcpclf-texlive-combined-2020/share/texmf/
tex/latex/beamer/beamercolorthemedolphin.sty)
(/nix/store/lkw026p06wvnk4p087nfn0ahbxvcpclf-texlive-combined-2020/share/texmf/
tex/latex/beamer/beamerouterthemeinfolines.sty))
(/nix/store/lkw026p06wvnk4p087nfn0ahbxvcpclf-texlive-combined-2020/share/texmf/
tex/latex/forest/forest.sty
Package: forest 2017/07/14 v2.1.5 Drawing (linguistic) trees

(/nix/store/lkw026p06wvnk4p087nfn0ahbxvcpclf-texlive-combined-2020/share/texmf/
tex/generic/pgf/frontendlayer/tikz/libraries/tikzlibraryshapes.code.tex
File: tikzlibraryshapes.code.tex 2020/10/01 v3.1.6a (3.1.6a)

(/nix/store/lkw026p06wvnk4p087nfn0ahbxvcpclf-texlive-combined-2020/share/texmf/
tex/generic/pgf/frontendlayer/tikz/libraries/tikzlibraryshapes.geometric.code.t
ex
File: tikzlibraryshapes.geometric.code.tex 2020/10/01 v3.1.6a (3.1.6a)

(/nix/store/lkw026p06wvnk4p087nfn0ahbxvcpclf-texlive-combined-2020/share/texmf/
tex/generic/pgf/libraries/shapes/pgflibraryshapes.geometric.code.tex
File: pgflibraryshapes.geometric.code.tex 2020/10/01 v3.1.6a (3.1.6a)
))
(/nix/store/lkw026p06wvnk4p087nfn0ahbxvcpclf-texlive-combined-2020/share/texmf/
tex/generic/pgf/frontendlayer/tikz/libraries/tikzlibraryshapes.misc.code.tex
File: tikzlibraryshapes.misc.code.tex 2020/10/01 v3.1.6a (3.1.6a)

(/nix/store/lkw026p06wvnk4p087nfn0ahbxvcpclf-texlive-combined-2020/share/texmf/
tex/generic/pgf/libraries/shapes/pgflibraryshapes.misc.code.tex
File: pgflibraryshapes.misc.code.tex 2020/10/01 v3.1.6a (3.1.6a)
))
(/nix/store/lkw026p06wvnk4p087nfn0ahbxvcpclf-texlive-combined-2020/share/texmf/
tex/generic/pgf/frontendlayer/tikz/libraries/tikzlibraryshapes.symbols.code.tex
File: tikzlibraryshapes.symbols.code.tex 2020/10/01 v3.1.6a (3.1.6a)

(/nix/store/lkw026p06wvnk4p087nfn0ahbxvcpclf-texlive-combined-2020/share/texmf/
tex/generic/pgf/libraries/shapes/pgflibraryshapes.symbols.code.tex
File: pgflibraryshapes.symbols.code.tex 2020/10/01 v3.1.6a (3.1.6a)
))
(/nix/store/lkw026p06wvnk4p087nfn0ahbxvcpclf-texlive-combined-2020/share/texmf/
tex/generic/pgf/frontendlayer/tikz/libraries/tikzlibraryshapes.arrows.code.tex
File: tikzlibraryshapes.arrows.code.tex 2020/10/01 v3.1.6a (3.1.6a)

(/nix/store/lkw026p06wvnk4p087nfn0ahbxvcpclf-texlive-combined-2020/share/texmf/
tex/generic/pgf/libraries/shapes/pgflibraryshapes.arrows.code.tex
File: pgflibraryshapes.arrows.code.tex 2020/10/01 v3.1.6a (3.1.6a)
))
(/nix/store/lkw026p06wvnk4p087nfn0ahbxvcpclf-texlive-combined-2020/share/texmf/
tex/generic/pgf/frontendlayer/tikz/libraries/tikzlibraryshapes.callouts.code.te
x
(/nix/store/lkw026p06wvnk4p087nfn0ahbxvcpclf-texlive-combined-2020/share/texmf/
tex/generic/pgf/libraries/shapes/pgflibraryshapes.callouts.code.tex))
(/nix/store/lkw026p06wvnk4p087nfn0ahbxvcpclf-texlive-combined-2020/share/texmf/
tex/generic/pgf/frontendlayer/tikz/libraries/tikzlibraryshapes.multipart.code.t
ex
File: tikzlibraryshapes.multipart.code.tex 2020/10/01 v3.1.6a (3.1.6a)

(/nix/store/lkw026p06wvnk4p087nfn0ahbxvcpclf-texlive-combined-2020/share/texmf/
tex/generic/pgf/libraries/shapes/pgflibraryshapes.multipart.code.tex
File: pgflibraryshapes.multipart.code.tex 2020/10/01 v3.1.6a (3.1.6a)
\pgfnodepartlowerbox=\box140
\pgfnodeparttwobox=\box141
\pgfnodepartthreebox=\box142
\pgfnodepartfourbox=\box143
\pgfnodeparttwentybox=\box144
\pgfnodepartnineteenbox=\box145
\pgfnodeparteighteenbox=\box146
\pgfnodepartseventeenbox=\box147
\pgfnodepartsixteenbox=\box148
\pgfnodepartfifteenbox=\box149
\pgfnodepartfourteenbox=\box150
\pgfnodepartthirteenbox=\box151
\pgfnodeparttwelvebox=\box152
\pgfnodepartelevenbox=\box153
\pgfnodeparttenbox=\box154
\pgfnodepartninebox=\box155
\pgfnodeparteightbox=\box156
\pgfnodepartsevenbox=\box157
\pgfnodepartsixbox=\box158
\pgfnodepartfivebox=\box159
)))
(/nix/store/lkw026p06wvnk4p087nfn0ahbxvcpclf-texlive-combined-2020/share/texmf/
tex/generic/pgf/frontendlayer/tikz/libraries/tikzlibraryfit.code.tex
File: tikzlibraryfit.code.tex 2020/10/01 v3.1.6a (3.1.6a)
)
(/nix/store/lkw026p06wvnk4p087nfn0ahbxvcpclf-texlive-combined-2020/share/texmf/
tex/generic/pgf/frontendlayer/tikz/libraries/tikzlibrarycalc.code.tex
File: tikzlibrarycalc.code.tex 2020/10/01 v3.1.6a (3.1.6a)
)
(/nix/store/lkw026p06wvnk4p087nfn0ahbxvcpclf-texlive-combined-2020/share/texmf/
tex/generic/pgf/libraries/pgflibraryintersections.code.tex
(/nix/store/lkw026p06wvnk4p087nfn0ahbxvcpclf-texlive-combined-2020/share/texmf/
tex/generic/pgf/libraries/pgflibraryfpu.code.tex)
\pgf@intersect@solutions=\count359
)
(/nix/store/lkw026p06wvnk4p087nfn0ahbxvcpclf-texlive-combined-2020/share/texmf/
tex/latex/pgfopts/pgfopts.sty
Package: pgfopts 2014/07/10 v2.1a LaTeX package options with pgfkeys
\pgfopts@list@add@a@toks=\toks58
\pgfopts@list@add@b@toks=\toks59
)
(/nix/store/lkw026p06wvnk4p087nfn0ahbxvcpclf-texlive-combined-2020/share/texmf/
tex/latex/elocalloc/elocalloc.sty
Package: elocalloc 2016/12/15 v0.03 local allocation for LaTeX 2015+ (DPC)
)
(/nix/store/lkw026p06wvnk4p087nfn0ahbxvcpclf-texlive-combined-2020/share/texmf/
tex/latex/environ/environ.sty
Package: environ 2014/05/04 v0.3 A new way to define environments

(/nix/store/lkw026p06wvnk4p087nfn0ahbxvcpclf-texlive-combined-2020/share/texmf/
tex/latex/trimspaces/trimspaces.sty
Package: trimspaces 2009/09/17 v1.1 Trim spaces around a token list
))
(/nix/store/lkw026p06wvnk4p087nfn0ahbxvcpclf-texlive-combined-2020/share/texmf/
tex/latex/xparse/xparse.sty
(/nix/store/lkw026p06wvnk4p087nfn0ahbxvcpclf-texlive-combined-2020/share/texmf/
tex/latex/l3kernel/expl3.sty
Package: expl3 2020-10-05 L3 programming layer (loader) 

(/nix/store/lkw026p06wvnk4p087nfn0ahbxvcpclf-texlive-combined-2020/share/texmf/
tex/latex/l3backend/l3backend-pdftex.def
File: l3backend-pdftex.def 2020-09-24 L3 backend support: PDF output (pdfTeX)
\l__kernel_color_stack_int=\count360
\l__pdf_internal_box=\box160
))
Package: xparse 2020-10-05 L3 Experimental document command parser

(/nix/store/lkw026p06wvnk4p087nfn0ahbxvcpclf-texlive-combined-2020/share/texmf/
tex/latex/xparse/xparse-generic.tex))
(/nix/store/lkw026p06wvnk4p087nfn0ahbxvcpclf-texlive-combined-2020/share/texmf/
tex/latex/inlinedef/inlinedef.sty
Package: inlinedef 2008/07/10 v1.0 Inlined expansions within definitions
\ID@toks=\toks60
\ID@count=\count361
)
\ID@usercommands=\toks61
\safeloop@depth=\count362
\safeRKloop@depth=\count363
\forest@temp@dimen=\dimen368
\forest@temp@count=\count364
\forest@n=\count365
\forest@temp@global@count=\count366
\forest@temp@toks=\toks62
\forest@temparray@M=\count367
\forest@temparray@N=\count368
\forest@global@temparray@M=\count369
\forest@global@temparray@N=\count370
\forest@isnum@count=\count371
\forest@isdim@nonintpart=\count372
\forest@isdim@dimen=\dimen369
\forest@sort@m=\count373
\forest@sort@k=\count374
\forest@sort@p=\count375
\bracket@content=\toks63
\bracket@afterthought=\toks64
\forest@node@maxid=\count376
\forest@process@left@M=\count377
\forest@process@left@N=\count378
\forest@process@right@M=\count379
\forest@process@right@N=\count380
\forest@process@saved@M=\count381
\forest@process@saved@N=\count382
\forest@process@result@M=\count383
\forest@process@result@N=\count384
\forest@process@n=\count385
\forest@nodewalk@branch@toks=\toks65
\forest@nodewalk@shortsteps@resolution=\toks66
\forest@do@dynamics=\toks67
\forest@box=\box161
\forest@xg=\dimen370
\forest@yg=\dimen371
\forest@xs=\dimen372
\forest@ys=\dimen373
\forest@pi@toks=\toks68
\forest@segment@toks=\toks69
\forest@PIi@toks=\toks70
\forest@PIii@toks=\toks71
\forest@copy@in=\read4
\forest@copy@out=\write6
\forest@externalize@max@outer@n=\count386
\forest@externalize@inner@n=\count387
)
(/nix/store/lkw026p06wvnk4p087nfn0ahbxvcpclf-texlive-combined-2020/share/texmf/
tex/latex/forest/forest-lib-linguistics.sty
Package: forest-lib-linguistics 2017/07/14 v0.1.2
\standardnodestrutbox=\box162
)
\appwidth=\skip78
\bindwidth=\skip79
\appendwidth=\skip80
 (.//claspoct282020.aux)
\openout1 = `claspoct282020.aux'.

LaTeX Font Info:    Checking defaults for OML/cmm/m/it on input line 89.
LaTeX Font Info:    ... okay on input line 89.
LaTeX Font Info:    Checking defaults for OMS/cmsy/m/n on input line 89.
LaTeX Font Info:    ... okay on input line 89.
LaTeX Font Info:    Checking defaults for OT1/cmr/m/n on input line 89.
LaTeX Font Info:    ... okay on input line 89.
LaTeX Font Info:    Checking defaults for T1/cmr/m/n on input line 89.
LaTeX Font Info:    ... okay on input line 89.
LaTeX Font Info:    Checking defaults for TS1/cmr/m/n on input line 89.
LaTeX Font Info:    ... okay on input line 89.
LaTeX Font Info:    Checking defaults for OMX/cmex/m/n on input line 89.
LaTeX Font Info:    ... okay on input line 89.
LaTeX Font Info:    Checking defaults for U/cmr/m/n on input line 89.
LaTeX Font Info:    ... okay on input line 89.
LaTeX Font Info:    Checking defaults for PD1/pdf/m/n on input line 89.
LaTeX Font Info:    ... okay on input line 89.
LaTeX Font Info:    Checking defaults for T3/cmr/m/n on input line 89.
LaTeX Font Info:    Trying to load font information for T3+cmr on input line 89
.

(/nix/store/lkw026p06wvnk4p087nfn0ahbxvcpclf-texlive-combined-2020/share/texmf/
tex/latex/tipa/t3cmr.fd
File: t3cmr.fd 2001/12/31 TIPA font definitions
)
LaTeX Font Info:    ... okay on input line 89.

*geometry* driver: auto-detecting
*geometry* detected driver: pdftex
*geometry* verbose mode - [ preamble ] result:
* driver: pdftex
* paper: custom
* layout: <same size as paper>
* layoutoffset:(h,v)=(0.0pt,0.0pt)
* modes: includehead includefoot 
* h-part:(L,W,R)=(10.95pt, 342.29536pt, 10.95pt)
* v-part:(T,H,B)=(0.0pt, 273.14662pt, 0.0pt)
* \paperwidth=364.19536pt
* \paperheight=273.14662pt
* \textwidth=342.29536pt
* \textheight=244.6939pt
* \oddsidemargin=-61.31999pt
* \evensidemargin=-61.31999pt
* \topmargin=-72.26999pt
* \headheight=14.22636pt
* \headsep=0.0pt
* \topskip=11.0pt
* \footskip=14.22636pt
* \marginparwidth=4.0pt
* \marginparsep=10.0pt
* \columnsep=10.0pt
* \skip\footins=10.0pt plus 4.0pt minus 2.0pt
* \hoffset=0.0pt
* \voffset=0.0pt
* \mag=1000
* \@twocolumnfalse
* \@twosidefalse
* \@mparswitchfalse
* \@reversemarginfalse
* (1in=72.27pt=25.4mm, 1cm=28.453pt)


(/nix/store/lkw026p06wvnk4p087nfn0ahbxvcpclf-texlive-combined-2020/share/texmf/
tex/context/base/mkii/supp-pdf.mkii
[Loading MPS to PDF converter (version 2006.09.02).]
\scratchcounter=\count388
\scratchdimen=\dimen374
\scratchbox=\box163
\nofMPsegments=\count389
\nofMParguments=\count390
\everyMPshowfont=\toks72
\MPscratchCnt=\count391
\MPscratchDim=\dimen375
\MPnumerator=\count392
\makeMPintoPDFobject=\count393
\everyMPtoPDFconversion=\toks73
)
(/nix/store/lkw026p06wvnk4p087nfn0ahbxvcpclf-texlive-combined-2020/share/texmf/
tex/latex/epstopdf-pkg/epstopdf-base.sty
Package: epstopdf-base 2020-01-24 v2.11 Base part for package epstopdf
Package epstopdf-base Info: Redefining graphics rule for `.eps' on input line 4
85.

(/nix/store/lkw026p06wvnk4p087nfn0ahbxvcpclf-texlive-combined-2020/share/texmf/
tex/latex/latexconfig/epstopdf-sys.cfg
File: epstopdf-sys.cfg 2010/07/13 v1.3 Configuration of (r)epstopdf for TeX Liv
e
))
Package hyperref Info: Link coloring OFF on input line 89.

(/nix/store/lkw026p06wvnk4p087nfn0ahbxvcpclf-texlive-combined-2020/share/texmf/
tex/latex/hyperref/nameref.sty
Package: nameref 2019/09/16 v2.46 Cross-referencing by name of section

(/nix/store/lkw026p06wvnk4p087nfn0ahbxvcpclf-texlive-combined-2020/share/texmf/
tex/latex/refcount/refcount.sty
Package: refcount 2019/12/15 v3.6 Data extraction from label references (HO)
)
(/nix/store/lkw026p06wvnk4p087nfn0ahbxvcpclf-texlive-combined-2020/share/texmf/
tex/generic/gettitlestring/gettitlestring.sty
Package: gettitlestring 2019/12/15 v1.6 Cleanup title references (HO)
)
\c@section@level=\count394
)
LaTeX Info: Redefining \ref on input line 89.
LaTeX Info: Redefining \pageref on input line 89.
LaTeX Info: Redefining \nameref on input line 89.
 (.//claspoct282020.out)
(.//claspoct282020.out)
\@outlinefile=\write7
\openout7 = `claspoct282020.out'.

LaTeX Font Info:    Encoding `T1' has changed to `OT1' for symbol font
(Font)              `operators' in the math version `normal' on input line 89.
LaTeX Font Info:    Overwriting symbol font `operators' in version `normal'
(Font)                  T1/LinuxBiolinumT-TLF/m/n --> OT1/cmss/m/n on input lin
e 89.
LaTeX Font Info:    Encoding `T1' has changed to `OT1' for symbol font
(Font)              `operators' in the math version `bold' on input line 89.
LaTeX Font Info:    Overwriting symbol font `operators' in version `bold'
(Font)                  T1/LinuxBiolinumT-TLF/b/n --> OT1/cmss/b/n on input lin
e 89.
\symnumbers=\mathgroup7
\sympureletters=\mathgroup8
LaTeX Font Info:    Overwriting math alphabet `\mathrm' in version `normal'
(Font)                  OT1/cmss/m/n --> T1/LinuxLibertineT-TLF/m/n on input li
ne 89.
LaTeX Font Info:    Redeclaring math alphabet \mathbf on input line 89.
LaTeX Font Info:    Overwriting math alphabet `\mathbf' in version `normal'
(Font)                  T1/LinuxLibertineT-TLF/b/n --> T1/LinuxBiolinumT-TLF/b/
n on input line 89.
LaTeX Font Info:    Overwriting math alphabet `\mathbf' in version `bold'
(Font)                  T1/LinuxLibertineT-TLF/b/n --> T1/LinuxBiolinumT-TLF/b/
n on input line 89.
LaTeX Font Info:    Redeclaring math alphabet \mathsf on input line 89.
LaTeX Font Info:    Overwriting math alphabet `\mathsf' in version `normal'
(Font)                  T1/LinuxBiolinumT-TLF/m/n --> T1/LinuxBiolinumT-TLF/m/n
 on input line 89.
LaTeX Font Info:    Overwriting math alphabet `\mathsf' in version `bold'
(Font)                  T1/LinuxBiolinumT-TLF/b/n --> T1/LinuxBiolinumT-TLF/m/n
 on input line 89.
LaTeX Font Info:    Redeclaring math alphabet \mathit on input line 89.
LaTeX Font Info:    Overwriting math alphabet `\mathit' in version `normal'
(Font)                  T1/LinuxLibertineT-TLF/m/it --> T1/LinuxBiolinumT-TLF/m
/it on input line 89.
LaTeX Font Info:    Overwriting math alphabet `\mathit' in version `bold'
(Font)                  T1/LinuxLibertineT-TLF/b/it --> T1/LinuxBiolinumT-TLF/m
/it on input line 89.
LaTeX Font Info:    Redeclaring math alphabet \mathtt on input line 89.
LaTeX Font Info:    Overwriting math alphabet `\mathtt' in version `normal'
(Font)                  T1/LinuxLibertineMonoT-TLF/m/n --> T1/LinuxLibertineMon
oT-TLF/m/n on input line 89.
LaTeX Font Info:    Overwriting math alphabet `\mathtt' in version `bold'
(Font)                  T1/LinuxLibertineMonoT-TLF/b/n --> T1/LinuxLibertineMon
oT-TLF/m/n on input line 89.
LaTeX Font Info:    Overwriting symbol font `numbers' in version `bold'
(Font)                  T1/LinuxBiolinumT-TLF/m/n --> T1/LinuxBiolinumT-TLF/b/n
 on input line 89.
LaTeX Font Info:    Overwriting symbol font `pureletters' in version `bold'
(Font)                  T1/LinuxBiolinumT-TLF/m/it --> T1/LinuxBiolinumT-TLF/b/
it on input line 89.
LaTeX Font Info:    Overwriting math alphabet `\mathrm' in version `bold'
(Font)                  OT1/cmss/b/n --> T1/LinuxLibertineT-TLF/b/n on input li
ne 89.
LaTeX Font Info:    Overwriting math alphabet `\mathbf' in version `bold'
(Font)                  T1/LinuxBiolinumT-TLF/b/n --> T1/LinuxBiolinumT-TLF/b/n
 on input line 89.
LaTeX Font Info:    Overwriting math alphabet `\mathsf' in version `bold'
(Font)                  T1/LinuxBiolinumT-TLF/m/n --> T1/LinuxBiolinumT-TLF/b/n
 on input line 89.
LaTeX Font Info:    Overwriting math alphabet `\mathit' in version `bold'
(Font)                  T1/LinuxBiolinumT-TLF/m/it --> T1/LinuxBiolinumT-TLF/b/
it on input line 89.
LaTeX Font Info:    Overwriting math alphabet `\mathtt' in version `bold'
(Font)                  T1/LinuxLibertineMonoT-TLF/m/n --> T1/LinuxLibertineMon
oT-TLF/b/n on input line 89.

(/nix/store/lkw026p06wvnk4p087nfn0ahbxvcpclf-texlive-combined-2020/share/texmf/
tex/latex/translator/translator-basic-dictionary-English.dict
Dictionary: translator-basic-dictionary, Language: English 
)
(/nix/store/lkw026p06wvnk4p087nfn0ahbxvcpclf-texlive-combined-2020/share/texmf/
tex/latex/translator/translator-bibliography-dictionary-English.dict
Dictionary: translator-bibliography-dictionary, Language: English 
)
(/nix/store/lkw026p06wvnk4p087nfn0ahbxvcpclf-texlive-combined-2020/share/texmf/
tex/latex/translator/translator-environment-dictionary-English.dict
Dictionary: translator-environment-dictionary, Language: English 
)
(/nix/store/lkw026p06wvnk4p087nfn0ahbxvcpclf-texlive-combined-2020/share/texmf/
tex/latex/translator/translator-months-dictionary-English.dict
Dictionary: translator-months-dictionary, Language: English 
)
(/nix/store/lkw026p06wvnk4p087nfn0ahbxvcpclf-texlive-combined-2020/share/texmf/
tex/latex/translator/translator-numbers-dictionary-English.dict
Dictionary: translator-numbers-dictionary, Language: English 
)
(/nix/store/lkw026p06wvnk4p087nfn0ahbxvcpclf-texlive-combined-2020/share/texmf/
tex/latex/translator/translator-theorem-dictionary-English.dict
Dictionary: translator-theorem-dictionary, Language: English 
)
\c@mv@tabular=\count395
\c@mv@boldtabular=\count396

(.//claspoct282020.nav)
LaTeX Font Info:    Font shape `T1/LinuxBiolinumT-TLF/m/n' will be
(Font)              scaled to size 6.0pt on input line 89.
LaTeX Font Info:    Font shape `T1/LinuxBiolinumT-TLF/m/n' will be
(Font)              scaled to size 14.4pt on input line 91.
LaTeX Font Info:    Font shape `T1/LinuxBiolinumT-TLF/m/n' will be
(Font)              scaled to size 8.0pt on input line 91.
LaTeX Font Info:    Font shape `T1/LinuxBiolinumT-TLF/m/n' will be
(Font)              scaled to size 4.0pt on input line 91.
 [1

{/nix/store/lkw026p06wvnk4p087nfn0ahbxvcpclf-texlive-combined-2020/share/texmf-
var/fonts/map/pdftex/updmap/pdftex.map}]
(.//claspoct282020.toc)
LaTeX Font Info:    Font shape `T1/LinuxBiolinumT-TLF/m/n' will be
(Font)              scaled to size 12.0pt on input line 94.
 [2

] (.//claspoct282020.toc) [3

]
LaTeX Font Info:    Font shape `T1/LinuxBiolinumT-TLF/m/n' will be
(Font)              scaled to size 10.0pt on input line 115.
LaTeX Font Info:    Trying to load font information for U+zeur on input line 11
5.

(/nix/store/lkw026p06wvnk4p087nfn0ahbxvcpclf-texlive-combined-2020/share/texmf/
tex/latex/eulervm/uzeur.fd
File: uzeur.fd 2005/01/11 v4.0 (WaS)
)
LaTeX Font Info:    Font shape `U/zeur/m/n' will be
(Font)              scaled to size 5.69998pt on input line 115.
LaTeX Font Info:    Font shape `U/zeur/m/n' will be
(Font)              scaled to size 4.74998pt on input line 115.
LaTeX Font Info:    Trying to load font information for U+zeus on input line 11
5.

(/nix/store/lkw026p06wvnk4p087nfn0ahbxvcpclf-texlive-combined-2020/share/texmf/
tex/latex/eulervm/uzeus.fd
File: uzeus.fd 2005/01/11 v4.0 (WaS)
)
LaTeX Font Info:    Font shape `U/zeus/m/n' will be
(Font)              scaled to size 5.69998pt on input line 115.
LaTeX Font Info:    Font shape `U/zeus/m/n' will be
(Font)              scaled to size 4.74998pt on input line 115.
LaTeX Font Info:    Trying to load font information for U+zeuex on input line 1
15.

(/nix/store/lkw026p06wvnk4p087nfn0ahbxvcpclf-texlive-combined-2020/share/texmf/
tex/latex/eulervm/uzeuex.fd
File: uzeuex.fd 2005/01/11 v4.0 (WaS)
)
LaTeX Font Info:    Font shape `U/zeuex/m/n' will be
(Font)              scaled to size 5.69998pt on input line 115.
LaTeX Font Info:    Font shape `U/zeuex/m/n' will be
(Font)              scaled to size 4.74998pt on input line 115.
LaTeX Font Info:    Font shape `U/msa/m/n' will be
(Font)              scaled to size 5.69998pt on input line 115.
LaTeX Font Info:    Font shape `U/msa/m/n' will be
(Font)              scaled to size 4.74998pt on input line 115.
LaTeX Font Info:    Font shape `U/msb/m/n' will be
(Font)              scaled to size 5.69998pt on input line 115.
LaTeX Font Info:    Font shape `U/msb/m/n' will be
(Font)              scaled to size 4.74998pt on input line 115.
LaTeX Font Info:    Trying to load font information for U+stmry on input line 1
15.

(/nix/store/lkw026p06wvnk4p087nfn0ahbxvcpclf-texlive-combined-2020/share/texmf/
tex/latex/stmaryrd/Ustmry.fd)
LaTeX Font Info:    Font shape `T1/LinuxBiolinumT-TLF/m/n' will be
(Font)              scaled to size 5.0pt on input line 115.
LaTeX Font Info:    Font shape `T1/LinuxBiolinumT-TLF/m/it' will be
(Font)              scaled to size 6.0pt on input line 115.
LaTeX Font Info:    Font shape `T1/LinuxBiolinumT-TLF/m/it' will be
(Font)              scaled to size 5.0pt on input line 115.
LaTeX Font Info:    Font shape `T1/LinuxBiolinumT-TLF/m/it' will be
(Font)              scaled to size 10.0pt on input line 115.
 [4

] [5

] [6

] [7

] [8

]
<./montague.jpg, id=278, 83.74817pt x 108.83012pt>
File: ./montague.jpg Graphic file (type jpg)
<use ./montague.jpg>
Package pdftex.def Info: ./montague.jpg  used on input line 130.
(pdftex.def)             Requested size: 60.22522pt x 78.26295pt.
LaTeX Font Info:    Font shape `T1/LinuxBiolinumT-TLF/m/it' will be
(Font)              scaled to size 10.95pt on input line 130.
LaTeX Font Info:    Font shape `U/zeur/m/n' will be
(Font)              scaled to size 9.49997pt on input line 130.
LaTeX Font Info:    Font shape `U/zeur/m/n' will be
(Font)              scaled to size 6.64998pt on input line 130.
LaTeX Font Info:    Font shape `U/zeus/m/n' will be
(Font)              scaled to size 9.49997pt on input line 130.
LaTeX Font Info:    Font shape `U/zeus/m/n' will be
(Font)              scaled to size 6.64998pt on input line 130.
LaTeX Font Info:    Font shape `U/zeuex/m/n' will be
(Font)              scaled to size 9.49997pt on input line 130.
LaTeX Font Info:    Font shape `U/zeuex/m/n' will be
(Font)              scaled to size 6.64998pt on input line 130.
LaTeX Font Info:    Font shape `U/msa/m/n' will be
(Font)              scaled to size 9.49997pt on input line 130.
LaTeX Font Info:    Font shape `U/msa/m/n' will be
(Font)              scaled to size 6.64998pt on input line 130.
LaTeX Font Info:    Font shape `U/msb/m/n' will be
(Font)              scaled to size 9.49997pt on input line 130.
LaTeX Font Info:    Font shape `U/msb/m/n' will be
(Font)              scaled to size 6.64998pt on input line 130.
LaTeX Font Info:    Font shape `T1/LinuxBiolinumT-TLF/m/n' will be
(Font)              scaled to size 7.0pt on input line 130.
LaTeX Font Info:    Font shape `T1/LinuxBiolinumT-TLF/m/it' will be
(Font)              scaled to size 7.0pt on input line 130.
 [9

 <.//./montague.jpg>]
File: ./montague.jpg Graphic file (type jpg)
<use ./montague.jpg>
Package pdftex.def Info: ./montague.jpg  used on input line 130.
(pdftex.def)             Requested size: 60.22522pt x 78.26295pt.

[10

]
File: ./montague.jpg Graphic file (type jpg)
<use ./montague.jpg>
Package pdftex.def Info: ./montague.jpg  used on input line 130.
(pdftex.def)             Requested size: 60.22522pt x 78.26295pt.
 [11

]
File: ./montague.jpg Graphic file (type jpg)
<use ./montague.jpg>
Package pdftex.def Info: ./montague.jpg  used on input line 130.
(pdftex.def)             Requested size: 60.22522pt x 78.26295pt.
 [12

]
File: ./montague.jpg Graphic file (type jpg)
<use ./montague.jpg>
Package pdftex.def Info: ./montague.jpg  used on input line 130.
(pdftex.def)             Requested size: 60.22522pt x 78.26295pt.
 [13

]
<./fa_syntax.jpg, id=419, 1772.6225pt x 286.06876pt>
File: ./fa_syntax.jpg Graphic file (type jpg)
<use ./fa_syntax.jpg>
Package pdftex.def Info: ./fa_syntax.jpg  used on input line 151.
(pdftex.def)             Requested size: 301.1261pt x 48.59612pt.
<./fa_semantics.jpg, id=421, 1779.64874pt x 247.92625pt>
File: ./fa_semantics.jpg Graphic file (type jpg)
<use ./fa_semantics.jpg>
Package pdftex.def Info: ./fa_semantics.jpg  used on input line 151.
(pdftex.def)             Requested size: 301.1261pt x 41.95018pt.
LaTeX Font Info:    Font shape `U/zeur/m/n' will be
(Font)              scaled to size 10.40245pt on input line 151.
LaTeX Font Info:    Font shape `U/zeur/m/n' will be
(Font)              scaled to size 7.59998pt on input line 151.
LaTeX Font Info:    Font shape `U/zeus/m/n' will be
(Font)              scaled to size 10.40245pt on input line 151.
LaTeX Font Info:    Font shape `U/zeus/m/n' will be
(Font)              scaled to size 7.59998pt on input line 151.
LaTeX Font Info:    Font shape `U/zeuex/m/n' will be
(Font)              scaled to size 10.40245pt on input line 151.
LaTeX Font Info:    Font shape `U/zeuex/m/n' will be
(Font)              scaled to size 7.59998pt on input line 151.
LaTeX Font Info:    Font shape `U/msa/m/n' will be
(Font)              scaled to size 10.40245pt on input line 151.
LaTeX Font Info:    Font shape `U/msa/m/n' will be
(Font)              scaled to size 7.59998pt on input line 151.
LaTeX Font Info:    Font shape `U/msb/m/n' will be
(Font)              scaled to size 10.40245pt on input line 151.
LaTeX Font Info:    Font shape `U/msb/m/n' will be
(Font)              scaled to size 7.59998pt on input line 151.
LaTeX Font Info:    Font shape `T1/LinuxBiolinumT-TLF/m/it' will be
(Font)              scaled to size 8.0pt on input line 151.
LaTeX Font Info:    Font shape `T1/LinuxBiolinumT-TLF/b/n' will be
(Font)              scaled to size 10.95pt on input line 151.
 [14

 <.//./fa_syntax.jpg> <.//./fa_semantics.jpg>]
<./roq_syntax.jpg, id=457, 1794.705pt x 769.87625pt>
File: ./roq_syntax.jpg Graphic file (type jpg)
<use ./roq_syntax.jpg>
Package pdftex.def Info: ./roq_syntax.jpg  used on input line 160.
(pdftex.def)             Requested size: 301.1261pt x 129.17386pt.
<./roq_semantics.jpg, id=458, 1762.585pt x 213.79875pt>
File: ./roq_semantics.jpg Graphic file (type jpg)
<use ./roq_semantics.jpg>
Package pdftex.def Info: ./roq_semantics.jpg  used on input line 160.
(pdftex.def)             Requested size: 301.1261pt x 36.52472pt.
 [15

 <.//./roq_syntax.jpg> <.//./roq_semantics.jpg>]
LaTeX Font Info:    Font shape `T1/LinuxBiolinumT-TLF/b/n' will be
(Font)              scaled to size 10.0pt on input line 179.
 [16

] [17

] [18

] [19

] [20

] [21

]
[22

] [23

] [24

] [25

] [26

] [27

] [28

] [29

] [30

] [31

] [32

] [33

] [34

] [35

] [36

]
[37

] [38

] [39

] [40

] [41

] [42

] [43

] [44

] [45

]
LaTeX Font Info:    Trying to load font information for T1+LinuxLibertineMonoT-
TLF on input line 285.

(/nix/store/lkw026p06wvnk4p087nfn0ahbxvcpclf-texlive-combined-2020/share/texmf/
tex/latex/libertine/T1LinuxLibertineMonoT-TLF.fd
File: T1LinuxLibertineMonoT-TLF.fd 2019/05/20 (autoinst) Font definitions for T
1/LinuxLibertineMonoT-TLF.
)
LaTeX Font Info:    Font shape `T1/LinuxLibertineMonoT-TLF/m/n' in size <10.95>
 not available
(Font)              Font shape `T1/LinuxLibertineMonoT-TLF/regular/n' tried ins
tead on input line 285.
LaTeX Font Info:    Font shape `T1/LinuxLibertineMonoT-TLF/regular/n' will be
(Font)              scaled to size 10.95pt on input line 285.
LaTeX Font Info:    Font shape `T1/LinuxLibertineMonoT-TLF/m/n' in size <8> not
 available
(Font)              Font shape `T1/LinuxLibertineMonoT-TLF/regular/n' tried ins
tead on input line 285.
LaTeX Font Info:    Font shape `T1/LinuxLibertineMonoT-TLF/regular/n' will be
(Font)              scaled to size 8.0pt on input line 285.
LaTeX Font Info:    Font shape `T1/LinuxLibertineMonoT-TLF/m/n' in size <6> not
 available
(Font)              Font shape `T1/LinuxLibertineMonoT-TLF/regular/n' tried ins
tead on input line 285.
LaTeX Font Info:    Font shape `T1/LinuxLibertineMonoT-TLF/regular/n' will be
(Font)              scaled to size 6.0pt on input line 285.
LaTeX Font Info:    Font shape `U/zeur/m/n' will be
(Font)              scaled to size 11.39996pt on input line 285.
LaTeX Font Info:    Font shape `U/zeus/m/n' will be
(Font)              scaled to size 11.39996pt on input line 285.
LaTeX Font Info:    Font shape `U/zeuex/m/n' will be
(Font)              scaled to size 11.39996pt on input line 285.
LaTeX Font Info:    Font shape `T1/LinuxLibertineMonoT-TLF/m/n' in size <12> no
t available
(Font)              Font shape `T1/LinuxLibertineMonoT-TLF/regular/n' tried ins
tead on input line 285.
LaTeX Font Info:    Font shape `T1/LinuxLibertineMonoT-TLF/regular/n' will be
(Font)              scaled to size 12.0pt on input line 285.
LaTeX Font Info:    Font shape `U/msa/m/n' will be
(Font)              scaled to size 11.39996pt on input line 285.
LaTeX Font Info:    Font shape `U/msb/m/n' will be
(Font)              scaled to size 11.39996pt on input line 285.
LaTeX Font Info:    Font shape `T1/LinuxBiolinumT-TLF/m/it' will be
(Font)              scaled to size 12.0pt on input line 285.

\excnt=1
[46

]
\excnt=1
[47

]
\excnt=1
[48

]
\excnt=1
[49

]
\excnt=1
[50

]
\excnt=1
[51

]
\excnt=1
[52

]
\excnt=1
[53

]
\excnt=1
[54

]
\excnt=1
[55

]
\excnt=1
[56

]
\excnt=1
[57

] [58

]

LaTeX Font Warning: Command \footnotesize invalid in math mode on input line 36
1.

LaTeX Font Info:    Font shape `T1/LinuxBiolinumT-TLF/m/n' will be
(Font)              scaled to size 9.0pt on input line 361.
LaTeX Font Info:    Font shape `T1/LinuxLibertineMonoT-TLF/m/n' in size <9> not
 available
(Font)              Font shape `T1/LinuxLibertineMonoT-TLF/regular/n' tried ins
tead on input line 361.
LaTeX Font Info:    Font shape `T1/LinuxLibertineMonoT-TLF/regular/n' will be
(Font)              scaled to size 9.0pt on input line 361.
LaTeX Font Info:    Font shape `U/zeur/m/n' will be
(Font)              scaled to size 8.54997pt on input line 361.
LaTeX Font Info:    Font shape `U/zeus/m/n' will be
(Font)              scaled to size 8.54997pt on input line 361.
LaTeX Font Info:    Font shape `U/zeuex/m/n' will be
(Font)              scaled to size 8.54997pt on input line 361.
LaTeX Font Info:    Font shape `T1/LinuxLibertineMonoT-TLF/m/n' in size <5> not
 available
(Font)              Font shape `T1/LinuxLibertineMonoT-TLF/regular/n' tried ins
tead on input line 361.
LaTeX Font Info:    Font shape `T1/LinuxLibertineMonoT-TLF/regular/n' will be
(Font)              scaled to size 5.0pt on input line 361.
LaTeX Font Info:    Font shape `U/msa/m/n' will be
(Font)              scaled to size 8.54997pt on input line 361.
LaTeX Font Info:    Font shape `U/msb/m/n' will be
(Font)              scaled to size 8.54997pt on input line 361.
LaTeX Font Info:    Font shape `T1/LinuxBiolinumT-TLF/m/it' will be
(Font)              scaled to size 9.0pt on input line 361.

LaTeX Font Warning: Command \footnotesize invalid in math mode on input line 36
1.


LaTeX Font Warning: Command \footnotesize invalid in math mode on input line 36
1.


LaTeX Font Warning: Command \footnotesize invalid in math mode on input line 36
1.

\excnt=1

LaTeX Font Warning: Command \footnotesize invalid in math mode on input line 36
1.


LaTeX Font Warning: Command \footnotesize invalid in math mode on input line 36
1.


LaTeX Font Warning: Command \footnotesize invalid in math mode on input line 36
1.


LaTeX Font Warning: Command \footnotesize invalid in math mode on input line 36
1.

[59

]

LaTeX Font Warning: Command \footnotesize invalid in math mode on input line 36
1.


LaTeX Font Warning: Command \footnotesize invalid in math mode on input line 36
1.


LaTeX Font Warning: Command \footnotesize invalid in math mode on input line 36
1.


LaTeX Font Warning: Command \footnotesize invalid in math mode on input line 36
1.

\excnt=1

LaTeX Font Warning: Command \footnotesize invalid in math mode on input line 36
1.


LaTeX Font Warning: Command \footnotesize invalid in math mode on input line 36
1.


LaTeX Font Warning: Command \footnotesize invalid in math mode on input line 36
1.


LaTeX Font Warning: Command \footnotesize invalid in math mode on input line 36
1.

[60

]

LaTeX Font Warning: Command \footnotesize invalid in math mode on input line 36
1.


LaTeX Font Warning: Command \footnotesize invalid in math mode on input line 36
1.


LaTeX Font Warning: Command \footnotesize invalid in math mode on input line 36
1.


LaTeX Font Warning: Command \footnotesize invalid in math mode on input line 36
1.

\excnt=1

LaTeX Font Warning: Command \footnotesize invalid in math mode on input line 36
1.


LaTeX Font Warning: Command \footnotesize invalid in math mode on input line 36
1.


LaTeX Font Warning: Command \footnotesize invalid in math mode on input line 36
1.


LaTeX Font Warning: Command \footnotesize invalid in math mode on input line 36
1.

\excnt=1
[61

]

LaTeX Font Warning: Command \footnotesize invalid in math mode on input line 36
1.


LaTeX Font Warning: Command \footnotesize invalid in math mode on input line 36
1.


LaTeX Font Warning: Command \footnotesize invalid in math mode on input line 36
1.


LaTeX Font Warning: Command \footnotesize invalid in math mode on input line 36
1.

[62

]

LaTeX Font Warning: Command \footnotesize invalid in math mode on input line 36
1.

[63

]

LaTeX Font Warning: Command \footnotesize invalid in math mode on input line 36
1.


LaTeX Font Warning: Command \footnotesize invalid in math mode on input line 36
1.

[64

] [65

] [66

] [67

] [68

] [69

] [70

] [71

] [72

] [73

] [74

]

LaTeX Font Warning: Command \footnotesize invalid in math mode on input line 39
0.


LaTeX Font Warning: Command \footnotesize invalid in math mode on input line 39
0.

\excnt=1

LaTeX Font Warning: Command \footnotesize invalid in math mode on input line 39
0.


LaTeX Font Warning: Command \footnotesize invalid in math mode on input line 39
0.

[75

]

LaTeX Font Warning: Command \footnotesize invalid in math mode on input line 39
0.


LaTeX Font Warning: Command \footnotesize invalid in math mode on input line 39
0.

\excnt=1

LaTeX Font Warning: Command \footnotesize invalid in math mode on input line 39
0.


LaTeX Font Warning: Command \footnotesize invalid in math mode on input line 39
0.

[76

]

LaTeX Font Warning: Command \footnotesize invalid in math mode on input line 39
0.


LaTeX Font Warning: Command \footnotesize invalid in math mode on input line 39
0.

\excnt=1

LaTeX Font Warning: Command \footnotesize invalid in math mode on input line 39
0.


LaTeX Font Warning: Command \footnotesize invalid in math mode on input line 39
0.

[77

]

LaTeX Font Warning: Command \footnotesize invalid in math mode on input line 39
0.


LaTeX Font Warning: Command \footnotesize invalid in math mode on input line 39
0.

\excnt=1

LaTeX Font W